[ 2017-06-03T15:28:56+08:00 ] 127.0.0.1 /vueapi/Uploads/undefined
INFO: [ app_init ] --START--
INFO: Run Behavior\BuildLiteBehavior [ RunTime:0.000000s ]
INFO: [ app_init ] --END-- [ RunTime:0.001000s ]
INFO: [ app_begin ] --START--
INFO: Run Behavior\ReadHtmlCacheBehavior [ RunTime:0.001000s ]
INFO: [ app_begin ] --END-- [ RunTime:0.001000s ]
ERR: 无法加载控制器:Undefined

[ 2017-06-03T15:29:59+08:00 ] 127.0.0.1 /vueapi/Uploads/undefined
INFO: [ app_init ] --START--
INFO: Run Behavior\BuildLiteBehavior [ RunTime:0.000000s ]
INFO: [ app_init ] --END-- [ RunTime:0.002000s ]
INFO: [ app_begin ] --START--
INFO: Run Behavior\ReadHtmlCacheBehavior [ RunTime:0.002000s ]
INFO: [ app_begin ] --END-- [ RunTime:0.002000s ]
ERR: 无法加载控制器:Undefined

[ 2017-06-03T15:58:46+08:00 ] 127.0.0.1 /vueapi/Uploads/2017-06-03/59326ac21dc90.jpg
INFO: [ app_init ] --START--
INFO: Run Behavior\BuildLiteBehavior [ RunTime:0.000000s ]
INFO: [ app_init ] --END-- [ RunTime:0.001000s ]

[ 2017-06-03T15:58:55+08:00 ] 127.0.0.1 /vueapi/Uploads/2017-06-03/59326ac21dc90.jpg
INFO: [ app_init ] --START--
INFO: Run Behavior\BuildLiteBehavior [ RunTime:0.000000s ]
INFO: [ app_init ] --END-- [ RunTime:0.002000s ]

[ 2017-06-03T15:58:57+08:00 ] 127.0.0.1 /vueapi/Uploads/2017-06-03/59326ac21dc90.jpg
INFO: [ app_init ] --START--
INFO: Run Behavior\BuildLiteBehavior [ RunTime:0.001000s ]
INFO: [ app_init ] --END-- [ RunTime:0.002000s ]

[ 2017-06-03T15:58:58+08:00 ] 127.0.0.1 /vueapi/Uploads/2017-06-03/59326ac21dc90.jpg
INFO: [ app_init ] --START--
INFO: Run Behavior\BuildLiteBehavior [ RunTime:0.000000s ]
INFO: [ app_init ] --END-- [ RunTime:0.001000s ]

[ 2017-06-03T16:00:17+08:00 ] 127.0.0.1 /vueapi/Uploads/2017-06-03/593265e5c9e78.jpg
INFO: [ app_init ] --START--
INFO: Run Behavior\BuildLiteBehavior [ RunTime:0.000000s ]
INFO: [ app_init ] --END-- [ RunTime:0.001000s ]

[ 2017-06-03T16:00:28+08:00 ] 127.0.0.1 /vueapi/Uploads/2017-06-03/593265e5c9e78.jpg
INFO: [ app_init ] --START--
INFO: Run Behavior\BuildLiteBehavior [ RunTime:0.000000s ]
INFO: [ app_init ] --END-- [ RunTime:0.001000s ]

[ 2017-06-03T16:01:59+08:00 ] 127.0.0.1 /vueapi/Uploads/2017-06-03/593269416c660.png
INFO: [ app_init ] --START--
INFO: Run Behavior\BuildLiteBehavior [ RunTime:0.000000s ]
INFO: [ app_init ] --END-- [ RunTime:0.001000s ]

[ 2017-06-03T16:04:15+08:00 ] 127.0.0.1 /vueapi/Uploads/2017-06-03/59326a5ba5870.jpg
INFO: [ app_init ] --START--
INFO: Run Behavior\BuildLiteBehavior [ RunTime:0.000000s ]
INFO: [ app_init ] --END-- [ RunTime:0.001000s ]

