[ 2017-05-18T13:48:00+08:00 ] ::1 /vueapi/index.php/Home/user/index
INFO: [ app_init ] --START--
INFO: Run Behavior\BuildLiteBehavior [ RunTime:0.000000s ]
INFO: [ app_init ] --END-- [ RunTime:0.028000s ]
INFO: [ app_begin ] --START--
INFO: Run Behavior\ReadHtmlCacheBehavior [ RunTime:0.014000s ]
INFO: [ app_begin ] --END-- [ RunTime:0.014000s ]
SQL: SHOW COLUMNS FROM `user` [ RunTime:0.0620s ]
SQL: SELECT * FROM `user`  [ RunTime:0.0020s ]

[ 2017-05-18T13:48:21+08:00 ] 127.0.0.1 /vueapi/index.php/Home/user/index
INFO: [ app_init ] --START--
INFO: Run Behavior\BuildLiteBehavior [ RunTime:0.000000s ]
INFO: [ app_init ] --END-- [ RunTime:0.001000s ]
INFO: [ app_begin ] --START--
INFO: Run Behavior\ReadHtmlCacheBehavior [ RunTime:0.001000s ]
INFO: [ app_begin ] --END-- [ RunTime:0.001000s ]
SQL: SHOW COLUMNS FROM `user` [ RunTime:0.0260s ]
SQL: SELECT * FROM `user`  [ RunTime:0.0010s ]

[ 2017-05-18T14:23:19+08:00 ] ::1 /vueapi/index.php/Home/user/login
INFO: [ app_init ] --START--
INFO: Run Behavior\BuildLiteBehavior [ RunTime:0.000000s ]
INFO: [ app_init ] --END-- [ RunTime:0.001000s ]
INFO: [ app_begin ] --START--
INFO: Run Behavior\ReadHtmlCacheBehavior [ RunTime:0.001000s ]
INFO: [ app_begin ] --END-- [ RunTime:0.001000s ]
SQL: SHOW COLUMNS FROM `user` [ RunTime:0.0030s ]
SQL: SELECT COUNT(*) AS tp_count FROM `user` WHERE `username` = 'admin' LIMIT 1   [ RunTime:0.0760s ]

[ 2017-05-18T14:23:19+08:00 ] ::1 /vueapi/index.php/Home/user/index
INFO: [ app_init ] --START--
INFO: Run Behavior\BuildLiteBehavior [ RunTime:0.000000s ]
INFO: [ app_init ] --END-- [ RunTime:0.000000s ]
INFO: [ app_begin ] --START--
INFO: Run Behavior\ReadHtmlCacheBehavior [ RunTime:0.000000s ]
INFO: [ app_begin ] --END-- [ RunTime:0.000000s ]
SQL: SHOW COLUMNS FROM `user` [ RunTime:0.0030s ]
SQL: SELECT * FROM `user`  [ RunTime:0.0010s ]

[ 2017-05-18T14:23:27+08:00 ] ::1 /vueapi/index.php/Home/user/index
INFO: [ app_init ] --START--
INFO: Run Behavior\BuildLiteBehavior [ RunTime:0.000000s ]
INFO: [ app_init ] --END-- [ RunTime:0.001000s ]
INFO: [ app_begin ] --START--
INFO: Run Behavior\ReadHtmlCacheBehavior [ RunTime:0.000000s ]
INFO: [ app_begin ] --END-- [ RunTime:0.000000s ]
SQL: SHOW COLUMNS FROM `user` [ RunTime:0.0630s ]
SQL: SELECT * FROM `user`  [ RunTime:0.0000s ]

[ 2017-05-18T14:23:28+08:00 ] ::1 /vueapi/index.php/Home/user/index
INFO: [ app_init ] --START--
INFO: Run Behavior\BuildLiteBehavior [ RunTime:0.000000s ]
INFO: [ app_init ] --END-- [ RunTime:0.000000s ]
INFO: [ app_begin ] --START--
INFO: Run Behavior\ReadHtmlCacheBehavior [ RunTime:0.001000s ]
INFO: [ app_begin ] --END-- [ RunTime:0.001000s ]
SQL: SHOW COLUMNS FROM `user` [ RunTime:0.0030s ]
SQL: SELECT * FROM `user`  [ RunTime:0.0000s ]

[ 2017-05-18T14:23:30+08:00 ] ::1 /vueapi/index.php/Home/user/index
INFO: [ app_init ] --START--
INFO: Run Behavior\BuildLiteBehavior [ RunTime:0.000000s ]
INFO: [ app_init ] --END-- [ RunTime:0.000000s ]
INFO: [ app_begin ] --START--
INFO: Run Behavior\ReadHtmlCacheBehavior [ RunTime:0.000000s ]
INFO: [ app_begin ] --END-- [ RunTime:0.000000s ]
SQL: SHOW COLUMNS FROM `user` [ RunTime:0.0030s ]
SQL: SELECT * FROM `user`  [ RunTime:0.0000s ]

[ 2017-05-18T14:23:33+08:00 ] ::1 /vueapi/index.php/Home/user/index
INFO: [ app_init ] --START--
INFO: Run Behavior\BuildLiteBehavior [ RunTime:0.000000s ]
INFO: [ app_init ] --END-- [ RunTime:0.000000s ]
INFO: [ app_begin ] --START--
INFO: Run Behavior\ReadHtmlCacheBehavior [ RunTime:0.000000s ]
INFO: [ app_begin ] --END-- [ RunTime:0.001000s ]
SQL: SHOW COLUMNS FROM `user` [ RunTime:0.0040s ]
SQL: SELECT * FROM `user`  [ RunTime:0.0000s ]

[ 2017-05-18T14:23:34+08:00 ] ::1 /vueapi/index.php/Home/user/index
INFO: [ app_init ] --START--
INFO: Run Behavior\BuildLiteBehavior [ RunTime:0.000000s ]
INFO: [ app_init ] --END-- [ RunTime:0.000000s ]
INFO: [ app_begin ] --START--
INFO: Run Behavior\ReadHtmlCacheBehavior [ RunTime:0.001000s ]
INFO: [ app_begin ] --END-- [ RunTime:0.001000s ]
SQL: SHOW COLUMNS FROM `user` [ RunTime:0.0050s ]
SQL: SELECT * FROM `user`  [ RunTime:0.0000s ]

[ 2017-05-18T14:23:47+08:00 ] ::1 /vueapi/index.php/Home/user/index
INFO: [ app_init ] --START--
INFO: Run Behavior\BuildLiteBehavior [ RunTime:0.000000s ]
INFO: [ app_init ] --END-- [ RunTime:0.001000s ]
INFO: [ app_begin ] --START--
INFO: Run Behavior\ReadHtmlCacheBehavior [ RunTime:0.000000s ]
INFO: [ app_begin ] --END-- [ RunTime:0.001000s ]
SQL: SHOW COLUMNS FROM `user` [ RunTime:0.0040s ]
SQL: SELECT * FROM `user`  [ RunTime:0.0010s ]

[ 2017-05-18T15:27:24+08:00 ] ::1 /vueapi/index.php/Home/user/index
INFO: [ app_init ] --START--
INFO: Run Behavior\BuildLiteBehavior [ RunTime:0.000000s ]
INFO: [ app_init ] --END-- [ RunTime:0.000000s ]
INFO: [ app_begin ] --START--
INFO: Run Behavior\ReadHtmlCacheBehavior [ RunTime:0.001000s ]
INFO: [ app_begin ] --END-- [ RunTime:0.001000s ]
SQL: SHOW COLUMNS FROM `user` [ RunTime:0.0030s ]
SQL: SELECT * FROM `user`  [ RunTime:0.0000s ]

[ 2017-05-18T15:27:30+08:00 ] ::1 /vueapi/index.php/Home/user/login
INFO: [ app_init ] --START--
INFO: Run Behavior\BuildLiteBehavior [ RunTime:0.000000s ]
INFO: [ app_init ] --END-- [ RunTime:0.000000s ]
INFO: [ app_begin ] --START--
INFO: Run Behavior\ReadHtmlCacheBehavior [ RunTime:0.001000s ]
INFO: [ app_begin ] --END-- [ RunTime:0.001000s ]
SQL: SHOW COLUMNS FROM `user` [ RunTime:0.0030s ]
NOTIC: [8] Undefined index: username D:\xampp\htdocs\vueapi\Application\Home\Controller\UserController.class.php 第 20 行.
NOTIC: [8] Undefined index: username D:\xampp\htdocs\vueapi\Application\Home\Controller\UserController.class.php 第 21 行.
NOTIC: [8] Undefined index: password D:\xampp\htdocs\vueapi\Application\Home\Controller\UserController.class.php 第 22 行.
SQL: SELECT COUNT(*) AS tp_count FROM `user` WHERE `username` = null LIMIT 1   [ RunTime:0.0010s ]

[ 2017-05-18T15:28:54+08:00 ] ::1 /vueapi/index.php/Home/user/login
INFO: [ app_init ] --START--
INFO: Run Behavior\BuildLiteBehavior [ RunTime:0.000000s ]
INFO: [ app_init ] --END-- [ RunTime:0.001000s ]
INFO: [ app_begin ] --START--
INFO: Run Behavior\ReadHtmlCacheBehavior [ RunTime:0.001000s ]
INFO: [ app_begin ] --END-- [ RunTime:0.001000s ]
SQL: SHOW COLUMNS FROM `user` [ RunTime:0.0030s ]
NOTIC: [8] Undefined index: username D:\xampp\htdocs\vueapi\Application\Home\Controller\UserController.class.php 第 20 行.
NOTIC: [8] Undefined index: username D:\xampp\htdocs\vueapi\Application\Home\Controller\UserController.class.php 第 21 行.
NOTIC: [8] Undefined index: password D:\xampp\htdocs\vueapi\Application\Home\Controller\UserController.class.php 第 22 行.
SQL: SELECT COUNT(*) AS tp_count FROM `user` WHERE `username` = null LIMIT 1   [ RunTime:0.0000s ]

[ 2017-05-18T15:28:54+08:00 ] ::1 /vueapi/index.php/Home/user/login
INFO: [ app_init ] --START--
INFO: Run Behavior\BuildLiteBehavior [ RunTime:0.000000s ]
INFO: [ app_init ] --END-- [ RunTime:0.000000s ]
INFO: [ app_begin ] --START--
INFO: Run Behavior\ReadHtmlCacheBehavior [ RunTime:0.001000s ]
INFO: [ app_begin ] --END-- [ RunTime:0.001000s ]
SQL: SHOW COLUMNS FROM `user` [ RunTime:0.0040s ]
NOTIC: [8] Undefined index: username D:\xampp\htdocs\vueapi\Application\Home\Controller\UserController.class.php 第 20 行.
NOTIC: [8] Undefined index: username D:\xampp\htdocs\vueapi\Application\Home\Controller\UserController.class.php 第 21 行.
NOTIC: [8] Undefined index: password D:\xampp\htdocs\vueapi\Application\Home\Controller\UserController.class.php 第 22 行.
SQL: SELECT COUNT(*) AS tp_count FROM `user` WHERE `username` = null LIMIT 1   [ RunTime:0.0000s ]

[ 2017-05-18T15:34:39+08:00 ] ::1 /vueapi/index.php/Home/user/login
INFO: [ app_init ] --START--
INFO: Run Behavior\BuildLiteBehavior [ RunTime:0.000000s ]
INFO: [ app_init ] --END-- [ RunTime:0.001000s ]
INFO: [ app_begin ] --START--
INFO: Run Behavior\ReadHtmlCacheBehavior [ RunTime:0.001000s ]
INFO: [ app_begin ] --END-- [ RunTime:0.001000s ]

[ 2017-05-18T15:34:39+08:00 ] ::1 /vueapi/index.php/Home/user/login
INFO: [ app_init ] --START--
INFO: Run Behavior\BuildLiteBehavior [ RunTime:0.000000s ]
INFO: [ app_init ] --END-- [ RunTime:0.000000s ]
INFO: [ app_begin ] --START--
INFO: Run Behavior\ReadHtmlCacheBehavior [ RunTime:0.000000s ]
INFO: [ app_begin ] --END-- [ RunTime:0.001000s ]

[ 2017-05-18T15:34:56+08:00 ] ::1 /vueapi/index.php/Home/user/login
INFO: [ app_init ] --START--
INFO: Run Behavior\BuildLiteBehavior [ RunTime:0.000000s ]
INFO: [ app_init ] --END-- [ RunTime:0.000000s ]
INFO: [ app_begin ] --START--
INFO: Run Behavior\ReadHtmlCacheBehavior [ RunTime:0.001000s ]
INFO: [ app_begin ] --END-- [ RunTime:0.001000s ]
SQL: SHOW COLUMNS FROM `user` [ RunTime:0.0040s ]
NOTIC: [8] Undefined index: username D:\xampp\htdocs\vueapi\Application\Home\Controller\UserController.class.php 第 20 行.
NOTIC: [8] Undefined index: username D:\xampp\htdocs\vueapi\Application\Home\Controller\UserController.class.php 第 21 行.
NOTIC: [8] Undefined index: password D:\xampp\htdocs\vueapi\Application\Home\Controller\UserController.class.php 第 22 行.
SQL: SELECT COUNT(*) AS tp_count FROM `user` WHERE `username` = null LIMIT 1   [ RunTime:0.0000s ]
NOTIC: [8] Use of undefined constant code - assumed 'code' D:\xampp\htdocs\vueapi\Application\Home\Controller\UserController.class.php 第 27 行.
NOTIC: [8] Use of undefined constant message - assumed 'message' D:\xampp\htdocs\vueapi\Application\Home\Controller\UserController.class.php 第 28 行.

[ 2017-05-18T15:34:56+08:00 ] ::1 /vueapi/index.php/Home/user/login
INFO: [ app_init ] --START--
INFO: Run Behavior\BuildLiteBehavior [ RunTime:0.000000s ]
INFO: [ app_init ] --END-- [ RunTime:0.000000s ]
INFO: [ app_begin ] --START--
INFO: Run Behavior\ReadHtmlCacheBehavior [ RunTime:0.000000s ]
INFO: [ app_begin ] --END-- [ RunTime:0.000000s ]
SQL: SHOW COLUMNS FROM `user` [ RunTime:0.0030s ]
NOTIC: [8] Undefined index: username D:\xampp\htdocs\vueapi\Application\Home\Controller\UserController.class.php 第 20 行.
NOTIC: [8] Undefined index: username D:\xampp\htdocs\vueapi\Application\Home\Controller\UserController.class.php 第 21 行.
NOTIC: [8] Undefined index: password D:\xampp\htdocs\vueapi\Application\Home\Controller\UserController.class.php 第 22 行.
SQL: SELECT COUNT(*) AS tp_count FROM `user` WHERE `username` = null LIMIT 1   [ RunTime:0.0010s ]
NOTIC: [8] Use of undefined constant code - assumed 'code' D:\xampp\htdocs\vueapi\Application\Home\Controller\UserController.class.php 第 27 行.
NOTIC: [8] Use of undefined constant message - assumed 'message' D:\xampp\htdocs\vueapi\Application\Home\Controller\UserController.class.php 第 28 行.

[ 2017-05-18T15:44:56+08:00 ] ::1 /vueapi/index.php/Home/user/login
INFO: [ app_init ] --START--
INFO: Run Behavior\BuildLiteBehavior [ RunTime:0.000000s ]
INFO: [ app_init ] --END-- [ RunTime:0.001000s ]
INFO: [ app_begin ] --START--
INFO: Run Behavior\ReadHtmlCacheBehavior [ RunTime:0.002000s ]
INFO: [ app_begin ] --END-- [ RunTime:0.002000s ]
SQL: SHOW COLUMNS FROM `user` [ RunTime:0.0030s ]
NOTIC: [8] Undefined index: username D:\xampp\htdocs\vueapi\Application\Home\Controller\UserController.class.php 第 20 行.
NOTIC: [8] Undefined index: username D:\xampp\htdocs\vueapi\Application\Home\Controller\UserController.class.php 第 21 行.
NOTIC: [8] Undefined index: password D:\xampp\htdocs\vueapi\Application\Home\Controller\UserController.class.php 第 22 行.
SQL: SELECT COUNT(*) AS tp_count FROM `user` WHERE `username` = null LIMIT 1   [ RunTime:0.0000s ]
NOTIC: [8] Use of undefined constant code - assumed 'code' D:\xampp\htdocs\vueapi\Application\Home\Controller\UserController.class.php 第 27 行.
NOTIC: [8] Use of undefined constant msg - assumed 'msg' D:\xampp\htdocs\vueapi\Application\Home\Controller\UserController.class.php 第 28 行.

[ 2017-05-18T15:44:56+08:00 ] ::1 /vueapi/index.php/Home/user/login
INFO: [ app_init ] --START--
INFO: Run Behavior\BuildLiteBehavior [ RunTime:0.000000s ]
INFO: [ app_init ] --END-- [ RunTime:0.001000s ]
INFO: [ app_begin ] --START--
INFO: Run Behavior\ReadHtmlCacheBehavior [ RunTime:0.001000s ]
INFO: [ app_begin ] --END-- [ RunTime:0.001000s ]
SQL: SHOW COLUMNS FROM `user` [ RunTime:0.0040s ]
NOTIC: [8] Undefined index: username D:\xampp\htdocs\vueapi\Application\Home\Controller\UserController.class.php 第 20 行.
NOTIC: [8] Undefined index: username D:\xampp\htdocs\vueapi\Application\Home\Controller\UserController.class.php 第 21 行.
NOTIC: [8] Undefined index: password D:\xampp\htdocs\vueapi\Application\Home\Controller\UserController.class.php 第 22 行.
SQL: SELECT COUNT(*) AS tp_count FROM `user` WHERE `username` = null LIMIT 1   [ RunTime:0.0000s ]
NOTIC: [8] Use of undefined constant code - assumed 'code' D:\xampp\htdocs\vueapi\Application\Home\Controller\UserController.class.php 第 27 行.
NOTIC: [8] Use of undefined constant msg - assumed 'msg' D:\xampp\htdocs\vueapi\Application\Home\Controller\UserController.class.php 第 28 行.

[ 2017-05-18T15:45:44+08:00 ] ::1 /vueapi/index.php/Home/user/login
INFO: [ app_init ] --START--
INFO: Run Behavior\BuildLiteBehavior [ RunTime:0.000000s ]
INFO: [ app_init ] --END-- [ RunTime:0.001000s ]
INFO: [ app_begin ] --START--
INFO: Run Behavior\ReadHtmlCacheBehavior [ RunTime:0.001000s ]
INFO: [ app_begin ] --END-- [ RunTime:0.001000s ]
SQL: SHOW COLUMNS FROM `user` [ RunTime:0.0050s ]
NOTIC: [8] Undefined index: username D:\xampp\htdocs\vueapi\Application\Home\Controller\UserController.class.php 第 20 行.
NOTIC: [8] Undefined index: username D:\xampp\htdocs\vueapi\Application\Home\Controller\UserController.class.php 第 21 行.
NOTIC: [8] Undefined index: password D:\xampp\htdocs\vueapi\Application\Home\Controller\UserController.class.php 第 22 行.
SQL: SELECT COUNT(*) AS tp_count FROM `user` WHERE `username` = null LIMIT 1   [ RunTime:0.0010s ]
NOTIC: [8] Use of undefined constant code - assumed 'code' D:\xampp\htdocs\vueapi\Application\Home\Controller\UserController.class.php 第 27 行.
NOTIC: [8] Use of undefined constant msg - assumed 'msg' D:\xampp\htdocs\vueapi\Application\Home\Controller\UserController.class.php 第 28 行.

[ 2017-05-18T15:45:44+08:00 ] ::1 /vueapi/index.php/Home/user/login
INFO: [ app_init ] --START--
INFO: Run Behavior\BuildLiteBehavior [ RunTime:0.000000s ]
INFO: [ app_init ] --END-- [ RunTime:0.000000s ]
INFO: [ app_begin ] --START--
INFO: Run Behavior\ReadHtmlCacheBehavior [ RunTime:0.001000s ]
INFO: [ app_begin ] --END-- [ RunTime:0.001000s ]
SQL: SHOW COLUMNS FROM `user` [ RunTime:0.0040s ]
NOTIC: [8] Undefined index: username D:\xampp\htdocs\vueapi\Application\Home\Controller\UserController.class.php 第 20 行.
NOTIC: [8] Undefined index: username D:\xampp\htdocs\vueapi\Application\Home\Controller\UserController.class.php 第 21 行.
NOTIC: [8] Undefined index: password D:\xampp\htdocs\vueapi\Application\Home\Controller\UserController.class.php 第 22 行.
SQL: SELECT COUNT(*) AS tp_count FROM `user` WHERE `username` = null LIMIT 1   [ RunTime:0.0010s ]
NOTIC: [8] Use of undefined constant code - assumed 'code' D:\xampp\htdocs\vueapi\Application\Home\Controller\UserController.class.php 第 27 行.
NOTIC: [8] Use of undefined constant msg - assumed 'msg' D:\xampp\htdocs\vueapi\Application\Home\Controller\UserController.class.php 第 28 行.

[ 2017-05-18T15:46:26+08:00 ] ::1 /vueapi/index.php/Home/user/login
INFO: [ app_init ] --START--
INFO: Run Behavior\BuildLiteBehavior [ RunTime:0.000000s ]
INFO: [ app_init ] --END-- [ RunTime:0.001000s ]
INFO: [ app_begin ] --START--
INFO: Run Behavior\ReadHtmlCacheBehavior [ RunTime:0.001000s ]
INFO: [ app_begin ] --END-- [ RunTime:0.001000s ]
SQL: SHOW COLUMNS FROM `user` [ RunTime:0.0030s ]
NOTIC: [8] Undefined index: username D:\xampp\htdocs\vueapi\Application\Home\Controller\UserController.class.php 第 20 行.
NOTIC: [8] Undefined index: username D:\xampp\htdocs\vueapi\Application\Home\Controller\UserController.class.php 第 21 行.
NOTIC: [8] Undefined index: password D:\xampp\htdocs\vueapi\Application\Home\Controller\UserController.class.php 第 22 行.
SQL: SELECT COUNT(*) AS tp_count FROM `user` WHERE `username` = null LIMIT 1   [ RunTime:0.0000s ]
NOTIC: [8] Use of undefined constant code - assumed 'code' D:\xampp\htdocs\vueapi\Application\Home\Controller\UserController.class.php 第 27 行.
NOTIC: [8] Use of undefined constant msg - assumed 'msg' D:\xampp\htdocs\vueapi\Application\Home\Controller\UserController.class.php 第 28 行.

[ 2017-05-18T15:46:26+08:00 ] ::1 /vueapi/index.php/Home/user/login
INFO: [ app_init ] --START--
INFO: Run Behavior\BuildLiteBehavior [ RunTime:0.000000s ]
INFO: [ app_init ] --END-- [ RunTime:0.000000s ]
INFO: [ app_begin ] --START--
INFO: Run Behavior\ReadHtmlCacheBehavior [ RunTime:0.001000s ]
INFO: [ app_begin ] --END-- [ RunTime:0.001000s ]
SQL: SHOW COLUMNS FROM `user` [ RunTime:0.0030s ]
NOTIC: [8] Undefined index: username D:\xampp\htdocs\vueapi\Application\Home\Controller\UserController.class.php 第 20 行.
NOTIC: [8] Undefined index: username D:\xampp\htdocs\vueapi\Application\Home\Controller\UserController.class.php 第 21 行.
NOTIC: [8] Undefined index: password D:\xampp\htdocs\vueapi\Application\Home\Controller\UserController.class.php 第 22 行.
SQL: SELECT COUNT(*) AS tp_count FROM `user` WHERE `username` = null LIMIT 1   [ RunTime:0.0000s ]
NOTIC: [8] Use of undefined constant code - assumed 'code' D:\xampp\htdocs\vueapi\Application\Home\Controller\UserController.class.php 第 27 行.
NOTIC: [8] Use of undefined constant msg - assumed 'msg' D:\xampp\htdocs\vueapi\Application\Home\Controller\UserController.class.php 第 28 行.

[ 2017-05-18T15:48:16+08:00 ] ::1 /vueapi/index.php/Home/user/login
INFO: [ app_init ] --START--
INFO: Run Behavior\BuildLiteBehavior [ RunTime:0.000000s ]
INFO: [ app_init ] --END-- [ RunTime:0.001000s ]
INFO: [ app_begin ] --START--
INFO: Run Behavior\ReadHtmlCacheBehavior [ RunTime:0.000000s ]
INFO: [ app_begin ] --END-- [ RunTime:0.000000s ]
SQL: SHOW COLUMNS FROM `user` [ RunTime:0.0030s ]
NOTIC: [8] Undefined index: username D:\xampp\htdocs\vueapi\Application\Home\Controller\UserController.class.php 第 20 行.
NOTIC: [8] Undefined index: username D:\xampp\htdocs\vueapi\Application\Home\Controller\UserController.class.php 第 21 行.
NOTIC: [8] Undefined index: password D:\xampp\htdocs\vueapi\Application\Home\Controller\UserController.class.php 第 22 行.
SQL: SELECT COUNT(*) AS tp_count FROM `user` WHERE `username` = null LIMIT 1   [ RunTime:0.0000s ]
NOTIC: [8] Use of undefined constant code - assumed 'code' D:\xampp\htdocs\vueapi\Application\Home\Controller\UserController.class.php 第 27 行.
NOTIC: [8] Use of undefined constant msg - assumed 'msg' D:\xampp\htdocs\vueapi\Application\Home\Controller\UserController.class.php 第 28 行.

[ 2017-05-18T15:48:17+08:00 ] ::1 /vueapi/index.php/Home/user/login
INFO: [ app_init ] --START--
INFO: Run Behavior\BuildLiteBehavior [ RunTime:0.000000s ]
INFO: [ app_init ] --END-- [ RunTime:0.001000s ]
INFO: [ app_begin ] --START--
INFO: Run Behavior\ReadHtmlCacheBehavior [ RunTime:0.000000s ]
INFO: [ app_begin ] --END-- [ RunTime:0.001000s ]
SQL: SHOW COLUMNS FROM `user` [ RunTime:0.0030s ]
NOTIC: [8] Undefined index: username D:\xampp\htdocs\vueapi\Application\Home\Controller\UserController.class.php 第 20 行.
NOTIC: [8] Undefined index: username D:\xampp\htdocs\vueapi\Application\Home\Controller\UserController.class.php 第 21 行.
NOTIC: [8] Undefined index: password D:\xampp\htdocs\vueapi\Application\Home\Controller\UserController.class.php 第 22 行.
SQL: SELECT COUNT(*) AS tp_count FROM `user` WHERE `username` = null LIMIT 1   [ RunTime:0.0000s ]
NOTIC: [8] Use of undefined constant code - assumed 'code' D:\xampp\htdocs\vueapi\Application\Home\Controller\UserController.class.php 第 27 行.
NOTIC: [8] Use of undefined constant msg - assumed 'msg' D:\xampp\htdocs\vueapi\Application\Home\Controller\UserController.class.php 第 28 行.

[ 2017-05-18T15:48:35+08:00 ] ::1 /vueapi/index.php/Home/user/login
INFO: [ app_init ] --START--
INFO: Run Behavior\BuildLiteBehavior [ RunTime:0.000000s ]
INFO: [ app_init ] --END-- [ RunTime:0.001000s ]
INFO: [ app_begin ] --START--
INFO: Run Behavior\ReadHtmlCacheBehavior [ RunTime:0.001000s ]
INFO: [ app_begin ] --END-- [ RunTime:0.001000s ]
SQL: SHOW COLUMNS FROM `user` [ RunTime:0.0030s ]
NOTIC: [8] Undefined index: username D:\xampp\htdocs\vueapi\Application\Home\Controller\UserController.class.php 第 20 行.
NOTIC: [8] Undefined index: username D:\xampp\htdocs\vueapi\Application\Home\Controller\UserController.class.php 第 21 行.
NOTIC: [8] Undefined index: password D:\xampp\htdocs\vueapi\Application\Home\Controller\UserController.class.php 第 22 行.
SQL: SELECT COUNT(*) AS tp_count FROM `user` WHERE `username` = null LIMIT 1   [ RunTime:0.0000s ]
NOTIC: [8] Use of undefined constant code - assumed 'code' D:\xampp\htdocs\vueapi\Application\Home\Controller\UserController.class.php 第 27 行.
NOTIC: [8] Use of undefined constant msg - assumed 'msg' D:\xampp\htdocs\vueapi\Application\Home\Controller\UserController.class.php 第 28 行.

[ 2017-05-18T15:48:35+08:00 ] ::1 /vueapi/index.php/Home/user/login
INFO: [ app_init ] --START--
INFO: Run Behavior\BuildLiteBehavior [ RunTime:0.000000s ]
INFO: [ app_init ] --END-- [ RunTime:0.001000s ]
INFO: [ app_begin ] --START--
INFO: Run Behavior\ReadHtmlCacheBehavior [ RunTime:0.001000s ]
INFO: [ app_begin ] --END-- [ RunTime:0.001000s ]
SQL: SHOW COLUMNS FROM `user` [ RunTime:0.0030s ]
NOTIC: [8] Undefined index: username D:\xampp\htdocs\vueapi\Application\Home\Controller\UserController.class.php 第 20 行.
NOTIC: [8] Undefined index: username D:\xampp\htdocs\vueapi\Application\Home\Controller\UserController.class.php 第 21 行.
NOTIC: [8] Undefined index: password D:\xampp\htdocs\vueapi\Application\Home\Controller\UserController.class.php 第 22 行.
SQL: SELECT COUNT(*) AS tp_count FROM `user` WHERE `username` = null LIMIT 1   [ RunTime:0.0000s ]
NOTIC: [8] Use of undefined constant code - assumed 'code' D:\xampp\htdocs\vueapi\Application\Home\Controller\UserController.class.php 第 27 行.
NOTIC: [8] Use of undefined constant msg - assumed 'msg' D:\xampp\htdocs\vueapi\Application\Home\Controller\UserController.class.php 第 28 行.

[ 2017-05-18T15:49:33+08:00 ] ::1 /vueapi/index.php/Home/user/login
INFO: [ app_init ] --START--
INFO: Run Behavior\BuildLiteBehavior [ RunTime:0.000000s ]
INFO: [ app_init ] --END-- [ RunTime:0.000000s ]
INFO: [ app_begin ] --START--
INFO: Run Behavior\ReadHtmlCacheBehavior [ RunTime:0.001000s ]
INFO: [ app_begin ] --END-- [ RunTime:0.001000s ]
SQL: SHOW COLUMNS FROM `user` [ RunTime:0.0030s ]
NOTIC: [8] Undefined index: username D:\xampp\htdocs\vueapi\Application\Home\Controller\UserController.class.php 第 20 行.
NOTIC: [8] Undefined index: username D:\xampp\htdocs\vueapi\Application\Home\Controller\UserController.class.php 第 21 行.
NOTIC: [8] Undefined index: password D:\xampp\htdocs\vueapi\Application\Home\Controller\UserController.class.php 第 22 行.
SQL: SELECT COUNT(*) AS tp_count FROM `user` WHERE `username` = null LIMIT 1   [ RunTime:0.0000s ]
NOTIC: [8] Undefined variable: result1 D:\xampp\htdocs\vueapi\Application\Home\Controller\UserController.class.php 第 25 行.

[ 2017-05-18T15:49:33+08:00 ] ::1 /vueapi/index.php/Home/user/login
INFO: [ app_init ] --START--
INFO: Run Behavior\BuildLiteBehavior [ RunTime:0.000000s ]
INFO: [ app_init ] --END-- [ RunTime:0.001000s ]
INFO: [ app_begin ] --START--
INFO: Run Behavior\ReadHtmlCacheBehavior [ RunTime:0.000000s ]
INFO: [ app_begin ] --END-- [ RunTime:0.000000s ]
SQL: SHOW COLUMNS FROM `user` [ RunTime:0.0040s ]
NOTIC: [8] Undefined index: username D:\xampp\htdocs\vueapi\Application\Home\Controller\UserController.class.php 第 20 行.
NOTIC: [8] Undefined index: username D:\xampp\htdocs\vueapi\Application\Home\Controller\UserController.class.php 第 21 行.
NOTIC: [8] Undefined index: password D:\xampp\htdocs\vueapi\Application\Home\Controller\UserController.class.php 第 22 行.
SQL: SELECT COUNT(*) AS tp_count FROM `user` WHERE `username` = null LIMIT 1   [ RunTime:0.0000s ]
NOTIC: [8] Undefined variable: result1 D:\xampp\htdocs\vueapi\Application\Home\Controller\UserController.class.php 第 25 行.

[ 2017-05-18T15:49:54+08:00 ] ::1 /vueapi/index.php/Home/user/login
INFO: [ app_init ] --START--
INFO: Run Behavior\BuildLiteBehavior [ RunTime:0.000000s ]
INFO: [ app_init ] --END-- [ RunTime:0.000000s ]
INFO: [ app_begin ] --START--
INFO: Run Behavior\ReadHtmlCacheBehavior [ RunTime:0.001000s ]
INFO: [ app_begin ] --END-- [ RunTime:0.001000s ]
SQL: SHOW COLUMNS FROM `user` [ RunTime:0.0030s ]
NOTIC: [8] Undefined index: username D:\xampp\htdocs\vueapi\Application\Home\Controller\UserController.class.php 第 20 行.
NOTIC: [8] Undefined index: username D:\xampp\htdocs\vueapi\Application\Home\Controller\UserController.class.php 第 21 行.
NOTIC: [8] Undefined index: password D:\xampp\htdocs\vueapi\Application\Home\Controller\UserController.class.php 第 22 行.
SQL: SELECT COUNT(*) AS tp_count FROM `user` WHERE `username` = null LIMIT 1   [ RunTime:0.0010s ]

[ 2017-05-18T15:49:54+08:00 ] ::1 /vueapi/index.php/Home/user/login
INFO: [ app_init ] --START--
INFO: Run Behavior\BuildLiteBehavior [ RunTime:0.000000s ]
INFO: [ app_init ] --END-- [ RunTime:0.000000s ]
INFO: [ app_begin ] --START--
INFO: Run Behavior\ReadHtmlCacheBehavior [ RunTime:0.001000s ]
INFO: [ app_begin ] --END-- [ RunTime:0.001000s ]
SQL: SHOW COLUMNS FROM `user` [ RunTime:0.0040s ]
NOTIC: [8] Undefined index: username D:\xampp\htdocs\vueapi\Application\Home\Controller\UserController.class.php 第 20 行.
NOTIC: [8] Undefined index: username D:\xampp\htdocs\vueapi\Application\Home\Controller\UserController.class.php 第 21 行.
NOTIC: [8] Undefined index: password D:\xampp\htdocs\vueapi\Application\Home\Controller\UserController.class.php 第 22 行.
SQL: SELECT COUNT(*) AS tp_count FROM `user` WHERE `username` = null LIMIT 1   [ RunTime:0.0000s ]

[ 2017-05-18T15:50:15+08:00 ] ::1 /vueapi/index.php/Home/user/login
INFO: [ app_init ] --START--
INFO: Run Behavior\BuildLiteBehavior [ RunTime:0.000000s ]
INFO: [ app_init ] --END-- [ RunTime:0.000000s ]
INFO: [ app_begin ] --START--
INFO: Run Behavior\ReadHtmlCacheBehavior [ RunTime:0.001000s ]
INFO: [ app_begin ] --END-- [ RunTime:0.001000s ]
SQL: SHOW COLUMNS FROM `user` [ RunTime:0.0030s ]
NOTIC: [8] Undefined index: username D:\xampp\htdocs\vueapi\Application\Home\Controller\UserController.class.php 第 20 行.
NOTIC: [8] Undefined index: username D:\xampp\htdocs\vueapi\Application\Home\Controller\UserController.class.php 第 21 行.
NOTIC: [8] Undefined index: password D:\xampp\htdocs\vueapi\Application\Home\Controller\UserController.class.php 第 22 行.
SQL: SELECT COUNT(*) AS tp_count FROM `user` WHERE `username` = null LIMIT 1   [ RunTime:0.0000s ]

[ 2017-05-18T15:50:15+08:00 ] ::1 /vueapi/index.php/Home/user/login
INFO: [ app_init ] --START--
INFO: Run Behavior\BuildLiteBehavior [ RunTime:0.000000s ]
INFO: [ app_init ] --END-- [ RunTime:0.001000s ]
INFO: [ app_begin ] --START--
INFO: Run Behavior\ReadHtmlCacheBehavior [ RunTime:0.000000s ]
INFO: [ app_begin ] --END-- [ RunTime:0.000000s ]
SQL: SHOW COLUMNS FROM `user` [ RunTime:0.0030s ]
NOTIC: [8] Undefined index: username D:\xampp\htdocs\vueapi\Application\Home\Controller\UserController.class.php 第 20 行.
NOTIC: [8] Undefined index: username D:\xampp\htdocs\vueapi\Application\Home\Controller\UserController.class.php 第 21 行.
NOTIC: [8] Undefined index: password D:\xampp\htdocs\vueapi\Application\Home\Controller\UserController.class.php 第 22 行.
SQL: SELECT COUNT(*) AS tp_count FROM `user` WHERE `username` = null LIMIT 1   [ RunTime:0.0020s ]

[ 2017-05-18T15:50:36+08:00 ] ::1 /vueapi/index.php/Home/user/login
INFO: [ app_init ] --START--
INFO: Run Behavior\BuildLiteBehavior [ RunTime:0.000000s ]
INFO: [ app_init ] --END-- [ RunTime:0.001000s ]
INFO: [ app_begin ] --START--
INFO: Run Behavior\ReadHtmlCacheBehavior [ RunTime:0.001000s ]
INFO: [ app_begin ] --END-- [ RunTime:0.001000s ]
SQL: SHOW COLUMNS FROM `user` [ RunTime:0.0030s ]
NOTIC: [8] Undefined index: username D:\xampp\htdocs\vueapi\Application\Home\Controller\UserController.class.php 第 20 行.
NOTIC: [8] Undefined index: username D:\xampp\htdocs\vueapi\Application\Home\Controller\UserController.class.php 第 21 行.
NOTIC: [8] Undefined index: password D:\xampp\htdocs\vueapi\Application\Home\Controller\UserController.class.php 第 22 行.
SQL: SELECT COUNT(*) AS tp_count FROM `user` WHERE `username` = null LIMIT 1   [ RunTime:0.0000s ]

[ 2017-05-18T15:50:37+08:00 ] ::1 /vueapi/index.php/Home/user/login
INFO: [ app_init ] --START--
INFO: Run Behavior\BuildLiteBehavior [ RunTime:0.000000s ]
INFO: [ app_init ] --END-- [ RunTime:0.000000s ]
INFO: [ app_begin ] --START--
INFO: Run Behavior\ReadHtmlCacheBehavior [ RunTime:0.001000s ]
INFO: [ app_begin ] --END-- [ RunTime:0.001000s ]
SQL: SHOW COLUMNS FROM `user` [ RunTime:0.0030s ]
NOTIC: [8] Undefined index: username D:\xampp\htdocs\vueapi\Application\Home\Controller\UserController.class.php 第 20 行.
NOTIC: [8] Undefined index: username D:\xampp\htdocs\vueapi\Application\Home\Controller\UserController.class.php 第 21 行.
NOTIC: [8] Undefined index: password D:\xampp\htdocs\vueapi\Application\Home\Controller\UserController.class.php 第 22 行.
SQL: SELECT COUNT(*) AS tp_count FROM `user` WHERE `username` = null LIMIT 1   [ RunTime:0.0000s ]

[ 2017-05-18T15:51:24+08:00 ] ::1 /vueapi/index.php/Home/user/login
INFO: [ app_init ] --START--
INFO: Run Behavior\BuildLiteBehavior [ RunTime:0.000000s ]
INFO: [ app_init ] --END-- [ RunTime:0.001000s ]
INFO: [ app_begin ] --START--
INFO: Run Behavior\ReadHtmlCacheBehavior [ RunTime:0.001000s ]
INFO: [ app_begin ] --END-- [ RunTime:0.001000s ]
SQL: SHOW COLUMNS FROM `user` [ RunTime:0.0050s ]
NOTIC: [8] Undefined index: username D:\xampp\htdocs\vueapi\Application\Home\Controller\UserController.class.php 第 20 行.
NOTIC: [8] Undefined index: username D:\xampp\htdocs\vueapi\Application\Home\Controller\UserController.class.php 第 21 行.
NOTIC: [8] Undefined index: password D:\xampp\htdocs\vueapi\Application\Home\Controller\UserController.class.php 第 22 行.
SQL: SELECT COUNT(*) AS tp_count FROM `user` WHERE `username` = null LIMIT 1   [ RunTime:0.0010s ]

[ 2017-05-18T15:51:24+08:00 ] ::1 /vueapi/index.php/Home/user/login
INFO: [ app_init ] --START--
INFO: Run Behavior\BuildLiteBehavior [ RunTime:0.000000s ]
INFO: [ app_init ] --END-- [ RunTime:0.000000s ]
INFO: [ app_begin ] --START--
INFO: Run Behavior\ReadHtmlCacheBehavior [ RunTime:0.001000s ]
INFO: [ app_begin ] --END-- [ RunTime:0.001000s ]
SQL: SHOW COLUMNS FROM `user` [ RunTime:0.0050s ]
NOTIC: [8] Undefined index: username D:\xampp\htdocs\vueapi\Application\Home\Controller\UserController.class.php 第 20 行.
NOTIC: [8] Undefined index: username D:\xampp\htdocs\vueapi\Application\Home\Controller\UserController.class.php 第 21 行.
NOTIC: [8] Undefined index: password D:\xampp\htdocs\vueapi\Application\Home\Controller\UserController.class.php 第 22 行.
SQL: SELECT COUNT(*) AS tp_count FROM `user` WHERE `username` = null LIMIT 1   [ RunTime:0.0010s ]

[ 2017-05-18T15:52:01+08:00 ] ::1 /vueapi/index.php/Home/user/login
INFO: [ app_init ] --START--
INFO: Run Behavior\BuildLiteBehavior [ RunTime:0.000000s ]
INFO: [ app_init ] --END-- [ RunTime:0.000000s ]
INFO: [ app_begin ] --START--
INFO: Run Behavior\ReadHtmlCacheBehavior [ RunTime:0.001000s ]
INFO: [ app_begin ] --END-- [ RunTime:0.001000s ]
SQL: SHOW COLUMNS FROM `user` [ RunTime:0.0040s ]
NOTIC: [8] Undefined index: username D:\xampp\htdocs\vueapi\Application\Home\Controller\UserController.class.php 第 20 行.
NOTIC: [8] Undefined index: username D:\xampp\htdocs\vueapi\Application\Home\Controller\UserController.class.php 第 21 行.
NOTIC: [8] Undefined index: password D:\xampp\htdocs\vueapi\Application\Home\Controller\UserController.class.php 第 22 行.
SQL: SELECT COUNT(*) AS tp_count FROM `user` WHERE `username` = null LIMIT 1   [ RunTime:0.0010s ]

[ 2017-05-18T15:52:01+08:00 ] ::1 /vueapi/index.php/Home/user/login
INFO: [ app_init ] --START--
INFO: Run Behavior\BuildLiteBehavior [ RunTime:0.000000s ]
INFO: [ app_init ] --END-- [ RunTime:0.001000s ]
INFO: [ app_begin ] --START--
INFO: Run Behavior\ReadHtmlCacheBehavior [ RunTime:0.002000s ]
INFO: [ app_begin ] --END-- [ RunTime:0.002000s ]
SQL: SHOW COLUMNS FROM `user` [ RunTime:0.0040s ]
NOTIC: [8] Undefined index: username D:\xampp\htdocs\vueapi\Application\Home\Controller\UserController.class.php 第 20 行.
NOTIC: [8] Undefined index: username D:\xampp\htdocs\vueapi\Application\Home\Controller\UserController.class.php 第 21 行.
NOTIC: [8] Undefined index: password D:\xampp\htdocs\vueapi\Application\Home\Controller\UserController.class.php 第 22 行.
SQL: SELECT COUNT(*) AS tp_count FROM `user` WHERE `username` = null LIMIT 1   [ RunTime:0.0010s ]

[ 2017-05-18T15:52:51+08:00 ] ::1 /vueapi/index.php/Home/user/login
INFO: [ app_init ] --START--
INFO: Run Behavior\BuildLiteBehavior [ RunTime:0.000000s ]
INFO: [ app_init ] --END-- [ RunTime:0.003000s ]
INFO: [ app_begin ] --START--
INFO: Run Behavior\ReadHtmlCacheBehavior [ RunTime:0.002000s ]
INFO: [ app_begin ] --END-- [ RunTime:0.002000s ]
SQL: SHOW COLUMNS FROM `user` [ RunTime:0.0040s ]
NOTIC: [8] Undefined index: username D:\xampp\htdocs\vueapi\Application\Home\Controller\UserController.class.php 第 20 行.
NOTIC: [8] Undefined index: username D:\xampp\htdocs\vueapi\Application\Home\Controller\UserController.class.php 第 21 行.
NOTIC: [8] Undefined index: password D:\xampp\htdocs\vueapi\Application\Home\Controller\UserController.class.php 第 22 行.
SQL: SELECT COUNT(*) AS tp_count FROM `user` WHERE `username` = null LIMIT 1   [ RunTime:0.0000s ]

[ 2017-05-18T15:52:51+08:00 ] ::1 /vueapi/index.php/Home/user/login
INFO: [ app_init ] --START--
INFO: Run Behavior\BuildLiteBehavior [ RunTime:0.000000s ]
INFO: [ app_init ] --END-- [ RunTime:0.001000s ]
INFO: [ app_begin ] --START--
INFO: Run Behavior\ReadHtmlCacheBehavior [ RunTime:0.001000s ]
INFO: [ app_begin ] --END-- [ RunTime:0.001000s ]
SQL: SHOW COLUMNS FROM `user` [ RunTime:0.0040s ]
NOTIC: [8] Undefined index: username D:\xampp\htdocs\vueapi\Application\Home\Controller\UserController.class.php 第 20 行.
NOTIC: [8] Undefined index: username D:\xampp\htdocs\vueapi\Application\Home\Controller\UserController.class.php 第 21 行.
NOTIC: [8] Undefined index: password D:\xampp\htdocs\vueapi\Application\Home\Controller\UserController.class.php 第 22 行.
SQL: SELECT COUNT(*) AS tp_count FROM `user` WHERE `username` = null LIMIT 1   [ RunTime:0.0000s ]

[ 2017-05-18T15:53:59+08:00 ] ::1 /vueapi/index.php/Home/user/login
INFO: [ app_init ] --START--
INFO: Run Behavior\BuildLiteBehavior [ RunTime:0.000000s ]
INFO: [ app_init ] --END-- [ RunTime:0.001000s ]
INFO: [ app_begin ] --START--
INFO: Run Behavior\ReadHtmlCacheBehavior [ RunTime:0.001000s ]
INFO: [ app_begin ] --END-- [ RunTime:0.001000s ]
SQL: SHOW COLUMNS FROM `user` [ RunTime:0.0030s ]
NOTIC: [8] Undefined index: username D:\xampp\htdocs\vueapi\Application\Home\Controller\UserController.class.php 第 20 行.
NOTIC: [8] Undefined index: username D:\xampp\htdocs\vueapi\Application\Home\Controller\UserController.class.php 第 21 行.
NOTIC: [8] Undefined index: password D:\xampp\htdocs\vueapi\Application\Home\Controller\UserController.class.php 第 22 行.
SQL: SELECT COUNT(*) AS tp_count FROM `user` WHERE `username` = null LIMIT 1   [ RunTime:0.0000s ]

[ 2017-05-18T15:53:59+08:00 ] ::1 /vueapi/index.php/Home/user/login
INFO: [ app_init ] --START--
INFO: Run Behavior\BuildLiteBehavior [ RunTime:0.000000s ]
INFO: [ app_init ] --END-- [ RunTime:0.000000s ]
INFO: [ app_begin ] --START--
INFO: Run Behavior\ReadHtmlCacheBehavior [ RunTime:0.000000s ]
INFO: [ app_begin ] --END-- [ RunTime:0.000000s ]
SQL: SHOW COLUMNS FROM `user` [ RunTime:0.0030s ]
NOTIC: [8] Undefined index: username D:\xampp\htdocs\vueapi\Application\Home\Controller\UserController.class.php 第 20 行.
NOTIC: [8] Undefined index: username D:\xampp\htdocs\vueapi\Application\Home\Controller\UserController.class.php 第 21 行.
NOTIC: [8] Undefined index: password D:\xampp\htdocs\vueapi\Application\Home\Controller\UserController.class.php 第 22 行.
SQL: SELECT COUNT(*) AS tp_count FROM `user` WHERE `username` = null LIMIT 1   [ RunTime:0.0000s ]

[ 2017-05-18T15:54:35+08:00 ] ::1 /vueapi/index.php/Home/user/login
INFO: [ app_init ] --START--
INFO: Run Behavior\BuildLiteBehavior [ RunTime:0.000000s ]
INFO: [ app_init ] --END-- [ RunTime:0.000000s ]
INFO: [ app_begin ] --START--
INFO: Run Behavior\ReadHtmlCacheBehavior [ RunTime:0.001000s ]
INFO: [ app_begin ] --END-- [ RunTime:0.001000s ]
SQL: SHOW COLUMNS FROM `user` [ RunTime:0.0050s ]
SQL: SELECT COUNT(*) AS tp_count FROM `user` WHERE `username` = '1' LIMIT 1   [ RunTime:0.0000s ]

[ 2017-05-18T15:55:03+08:00 ] ::1 /vueapi/index.php/Home/user/login
INFO: [ app_init ] --START--
INFO: Run Behavior\BuildLiteBehavior [ RunTime:0.000000s ]
INFO: [ app_init ] --END-- [ RunTime:0.001000s ]
INFO: [ app_begin ] --START--
INFO: Run Behavior\ReadHtmlCacheBehavior [ RunTime:0.001000s ]
INFO: [ app_begin ] --END-- [ RunTime:0.001000s ]
SQL: SHOW COLUMNS FROM `user` [ RunTime:0.0030s ]
SQL: SELECT COUNT(*) AS tp_count FROM `user` WHERE `username` = '1' LIMIT 1   [ RunTime:0.0000s ]
NOTIC: [8] Use of undefined constant code - assumed 'code' D:\xampp\htdocs\vueapi\Application\Home\Controller\UserController.class.php 第 27 行.
NOTIC: [8] Use of undefined constant msg - assumed 'msg' D:\xampp\htdocs\vueapi\Application\Home\Controller\UserController.class.php 第 28 行.

[ 2017-05-18T15:55:09+08:00 ] ::1 /vueapi/index.php/Home/user/login
INFO: [ app_init ] --START--
INFO: Run Behavior\BuildLiteBehavior [ RunTime:0.000000s ]
INFO: [ app_init ] --END-- [ RunTime:0.000000s ]
INFO: [ app_begin ] --START--
INFO: Run Behavior\ReadHtmlCacheBehavior [ RunTime:0.001000s ]
INFO: [ app_begin ] --END-- [ RunTime:0.001000s ]
SQL: SHOW COLUMNS FROM `user` [ RunTime:0.0030s ]
SQL: SELECT COUNT(*) AS tp_count FROM `user` WHERE `username` = 'zhangsan' LIMIT 1   [ RunTime:0.0000s ]
SQL: SELECT COUNT(*) AS tp_count FROM `user` WHERE `username` = 'zhangsan' AND `password` = '1' LIMIT 1   [ RunTime:0.0000s ]
NOTIC: [8] Undefined variable: data D:\xampp\htdocs\vueapi\Application\Home\Controller\UserController.class.php 第 43 行.

[ 2017-05-18T15:55:18+08:00 ] ::1 /vueapi/index.php/Home/user/login
INFO: [ app_init ] --START--
INFO: Run Behavior\BuildLiteBehavior [ RunTime:0.000000s ]
INFO: [ app_init ] --END-- [ RunTime:0.000000s ]
INFO: [ app_begin ] --START--
INFO: Run Behavior\ReadHtmlCacheBehavior [ RunTime:0.001000s ]
INFO: [ app_begin ] --END-- [ RunTime:0.001000s ]
SQL: SHOW COLUMNS FROM `user` [ RunTime:0.0030s ]
SQL: SELECT COUNT(*) AS tp_count FROM `user` WHERE `username` = 'zhangsan' LIMIT 1   [ RunTime:0.0010s ]
SQL: SELECT COUNT(*) AS tp_count FROM `user` WHERE `username` = 'zhangsan' AND `password` = '123' LIMIT 1   [ RunTime:0.0000s ]
NOTIC: [8] Use of undefined constant code - assumed 'code' D:\xampp\htdocs\vueapi\Application\Home\Controller\UserController.class.php 第 39 行.
NOTIC: [8] Use of undefined constant msg - assumed 'msg' D:\xampp\htdocs\vueapi\Application\Home\Controller\UserController.class.php 第 40 行.

[ 2017-05-18T15:55:51+08:00 ] ::1 /vueapi/index.php/Home/user/login
INFO: [ app_init ] --START--
INFO: Run Behavior\BuildLiteBehavior [ RunTime:0.000000s ]
INFO: [ app_init ] --END-- [ RunTime:0.000000s ]
INFO: [ app_begin ] --START--
INFO: Run Behavior\ReadHtmlCacheBehavior [ RunTime:0.001000s ]
INFO: [ app_begin ] --END-- [ RunTime:0.001000s ]
SQL: SHOW COLUMNS FROM `user` [ RunTime:0.0040s ]
SQL: SELECT COUNT(*) AS tp_count FROM `user` WHERE `username` = 'zhangsan' LIMIT 1   [ RunTime:0.0000s ]
SQL: SELECT COUNT(*) AS tp_count FROM `user` WHERE `username` = 'zhangsan' AND `password` = '1' LIMIT 1   [ RunTime:0.0010s ]

[ 2017-05-18T15:56:32+08:00 ] ::1 /vueapi/index.php/Home/user/login
INFO: [ app_init ] --START--
INFO: Run Behavior\BuildLiteBehavior [ RunTime:0.000000s ]
INFO: [ app_init ] --END-- [ RunTime:0.001000s ]
INFO: [ app_begin ] --START--
INFO: Run Behavior\ReadHtmlCacheBehavior [ RunTime:0.001000s ]
INFO: [ app_begin ] --END-- [ RunTime:0.001000s ]
SQL: SHOW COLUMNS FROM `user` [ RunTime:0.0030s ]
SQL: SELECT COUNT(*) AS tp_count FROM `user` WHERE ( 123 ) LIMIT 1   [ RunTime:0.0010s ]
SQL: SELECT COUNT(*) AS tp_count FROM `user` WHERE `username` = '123' AND `password` = '123' LIMIT 1   [ RunTime:0.0000s ]

[ 2017-05-18T15:56:44+08:00 ] ::1 /vueapi/index.php/Home/user/login
INFO: [ app_init ] --START--
INFO: Run Behavior\BuildLiteBehavior [ RunTime:0.000000s ]
INFO: [ app_init ] --END-- [ RunTime:0.000000s ]
INFO: [ app_begin ] --START--
INFO: Run Behavior\ReadHtmlCacheBehavior [ RunTime:0.000000s ]
INFO: [ app_begin ] --END-- [ RunTime:0.000000s ]
SQL: SHOW COLUMNS FROM `user` [ RunTime:0.0040s ]
ERR: 1054:Unknown column 'zhangsan' in 'where clause'
 [ SQL语句 ] : SELECT COUNT(*) AS tp_count FROM `user` WHERE ( zhangsan ) LIMIT 1  
ERR: 1054:Unknown column 'zhangsan' in 'where clause'
 [ SQL语句 ] : SELECT COUNT(*) AS tp_count FROM `user` WHERE ( zhangsan ) LIMIT 1  

[ 2017-05-18T15:56:47+08:00 ] ::1 /vueapi/index.php/Home/user/login
INFO: [ app_init ] --START--
INFO: Run Behavior\BuildLiteBehavior [ RunTime:0.000000s ]
INFO: [ app_init ] --END-- [ RunTime:0.001000s ]
INFO: [ app_begin ] --START--
INFO: Run Behavior\ReadHtmlCacheBehavior [ RunTime:0.001000s ]
INFO: [ app_begin ] --END-- [ RunTime:0.001000s ]
SQL: SHOW COLUMNS FROM `user` [ RunTime:0.0030s ]
ERR: 1054:Unknown column 'zhangsan' in 'where clause'
 [ SQL语句 ] : SELECT COUNT(*) AS tp_count FROM `user` WHERE ( zhangsan ) LIMIT 1  
ERR: 1054:Unknown column 'zhangsan' in 'where clause'
 [ SQL语句 ] : SELECT COUNT(*) AS tp_count FROM `user` WHERE ( zhangsan ) LIMIT 1  

[ 2017-05-18T15:58:27+08:00 ] ::1 /vueapi/index.php/Home/user/login
INFO: [ app_init ] --START--
INFO: Run Behavior\BuildLiteBehavior [ RunTime:0.000000s ]
INFO: [ app_init ] --END-- [ RunTime:0.001000s ]
INFO: [ app_begin ] --START--
INFO: Run Behavior\ReadHtmlCacheBehavior [ RunTime:0.001000s ]
INFO: [ app_begin ] --END-- [ RunTime:0.001000s ]

[ 2017-05-18T15:59:02+08:00 ] ::1 /vueapi/index.php/Home/user/login
INFO: [ app_init ] --START--
INFO: Run Behavior\BuildLiteBehavior [ RunTime:0.000000s ]
INFO: [ app_init ] --END-- [ RunTime:0.001000s ]
INFO: [ app_begin ] --START--
INFO: Run Behavior\ReadHtmlCacheBehavior [ RunTime:0.001000s ]
INFO: [ app_begin ] --END-- [ RunTime:0.001000s ]
SQL: SHOW COLUMNS FROM `user` [ RunTime:0.0040s ]
SQL: SELECT COUNT(*) AS tp_count FROM `user` WHERE `username` = 'zhangsan' LIMIT 1   [ RunTime:0.0010s ]
SQL: SELECT COUNT(*) AS tp_count FROM `user` WHERE `username` = 'zhangsan' AND `password` = '1' LIMIT 1   [ RunTime:0.0000s ]
NOTIC: [8] Use of undefined constant code - assumed 'code' D:\xampp\htdocs\vueapi\Application\Home\Controller\UserController.class.php 第 44 行.
NOTIC: [8] Use of undefined constant msg - assumed 'msg' D:\xampp\htdocs\vueapi\Application\Home\Controller\UserController.class.php 第 45 行.

[ 2017-05-18T16:03:20+08:00 ] ::1 /vueapi/index.php/Home/user/login
INFO: [ app_init ] --START--
INFO: Run Behavior\BuildLiteBehavior [ RunTime:0.000000s ]
INFO: [ app_init ] --END-- [ RunTime:0.001000s ]
INFO: [ app_begin ] --START--
INFO: Run Behavior\ReadHtmlCacheBehavior [ RunTime:0.002000s ]
INFO: [ app_begin ] --END-- [ RunTime:0.002000s ]
SQL: SHOW COLUMNS FROM `user` [ RunTime:0.0050s ]
SQL: SELECT COUNT(*) AS tp_count FROM `user` WHERE `username` = '1' LIMIT 1   [ RunTime:0.0010s ]
NOTIC: [8] Use of undefined constant code - assumed 'code' D:\xampp\htdocs\vueapi\Application\Home\Controller\UserController.class.php 第 27 行.
NOTIC: [8] Use of undefined constant msg - assumed 'msg' D:\xampp\htdocs\vueapi\Application\Home\Controller\UserController.class.php 第 28 行.

[ 2017-05-18T16:03:41+08:00 ] ::1 /vueapi/index.php/Home/user/login
INFO: [ app_init ] --START--
INFO: Run Behavior\BuildLiteBehavior [ RunTime:0.000000s ]
INFO: [ app_init ] --END-- [ RunTime:0.001000s ]
INFO: [ app_begin ] --START--
INFO: Run Behavior\ReadHtmlCacheBehavior [ RunTime:0.001000s ]
INFO: [ app_begin ] --END-- [ RunTime:0.001000s ]
SQL: SHOW COLUMNS FROM `user` [ RunTime:0.0040s ]
SQL: SELECT COUNT(*) AS tp_count FROM `user` WHERE `username` = '1' LIMIT 1   [ RunTime:0.0010s ]
NOTIC: [8] Use of undefined constant code - assumed 'code' D:\xampp\htdocs\vueapi\Application\Home\Controller\UserController.class.php 第 27 行.
NOTIC: [8] Use of undefined constant msg - assumed 'msg' D:\xampp\htdocs\vueapi\Application\Home\Controller\UserController.class.php 第 28 行.

[ 2017-05-18T16:03:51+08:00 ] ::1 /vueapi/index.php/Home/user/login
INFO: [ app_init ] --START--
INFO: Run Behavior\BuildLiteBehavior [ RunTime:0.000000s ]
INFO: [ app_init ] --END-- [ RunTime:0.000000s ]
INFO: [ app_begin ] --START--
INFO: Run Behavior\ReadHtmlCacheBehavior [ RunTime:0.000000s ]
INFO: [ app_begin ] --END-- [ RunTime:0.001000s ]
SQL: SHOW COLUMNS FROM `user` [ RunTime:0.0030s ]
SQL: SELECT COUNT(*) AS tp_count FROM `user` WHERE `username` = '1' LIMIT 1   [ RunTime:0.0000s ]
NOTIC: [8] Use of undefined constant code - assumed 'code' D:\xampp\htdocs\vueapi\Application\Home\Controller\UserController.class.php 第 27 行.
NOTIC: [8] Use of undefined constant msg - assumed 'msg' D:\xampp\htdocs\vueapi\Application\Home\Controller\UserController.class.php 第 28 行.

[ 2017-05-18T16:04:31+08:00 ] ::1 /vueapi/index.php/Home/user/login
INFO: [ app_init ] --START--
INFO: Run Behavior\BuildLiteBehavior [ RunTime:0.000000s ]
INFO: [ app_init ] --END-- [ RunTime:0.001000s ]
INFO: [ app_begin ] --START--
INFO: Run Behavior\ReadHtmlCacheBehavior [ RunTime:0.001000s ]
INFO: [ app_begin ] --END-- [ RunTime:0.001000s ]
SQL: SHOW COLUMNS FROM `user` [ RunTime:0.0040s ]
SQL: SELECT COUNT(*) AS tp_count FROM `user` WHERE `username` = '1' LIMIT 1   [ RunTime:0.0000s ]
NOTIC: [8] Use of undefined constant code - assumed 'code' D:\xampp\htdocs\vueapi\Application\Home\Controller\UserController.class.php 第 27 行.
NOTIC: [8] Use of undefined constant msg - assumed 'msg' D:\xampp\htdocs\vueapi\Application\Home\Controller\UserController.class.php 第 28 行.

[ 2017-05-18T16:04:34+08:00 ] ::1 /vueapi/index.php/Home/user/login
INFO: [ app_init ] --START--
INFO: Run Behavior\BuildLiteBehavior [ RunTime:0.000000s ]
INFO: [ app_init ] --END-- [ RunTime:0.001000s ]
INFO: [ app_begin ] --START--
INFO: Run Behavior\ReadHtmlCacheBehavior [ RunTime:0.001000s ]
INFO: [ app_begin ] --END-- [ RunTime:0.001000s ]
SQL: SHOW COLUMNS FROM `user` [ RunTime:0.0040s ]
SQL: SELECT COUNT(*) AS tp_count FROM `user` WHERE `username` = '1' LIMIT 1   [ RunTime:0.0000s ]
NOTIC: [8] Use of undefined constant code - assumed 'code' D:\xampp\htdocs\vueapi\Application\Home\Controller\UserController.class.php 第 27 行.
NOTIC: [8] Use of undefined constant msg - assumed 'msg' D:\xampp\htdocs\vueapi\Application\Home\Controller\UserController.class.php 第 28 行.

[ 2017-05-18T16:04:34+08:00 ] ::1 /vueapi/index.php/Home/user/login
INFO: [ app_init ] --START--
INFO: Run Behavior\BuildLiteBehavior [ RunTime:0.000000s ]
INFO: [ app_init ] --END-- [ RunTime:0.001000s ]
INFO: [ app_begin ] --START--
INFO: Run Behavior\ReadHtmlCacheBehavior [ RunTime:0.001000s ]
INFO: [ app_begin ] --END-- [ RunTime:0.001000s ]
SQL: SHOW COLUMNS FROM `user` [ RunTime:0.0050s ]
SQL: SELECT COUNT(*) AS tp_count FROM `user` WHERE `username` = '1' LIMIT 1   [ RunTime:0.0000s ]
NOTIC: [8] Use of undefined constant code - assumed 'code' D:\xampp\htdocs\vueapi\Application\Home\Controller\UserController.class.php 第 27 行.
NOTIC: [8] Use of undefined constant msg - assumed 'msg' D:\xampp\htdocs\vueapi\Application\Home\Controller\UserController.class.php 第 28 行.

[ 2017-05-18T16:04:34+08:00 ] ::1 /vueapi/index.php/Home/user/login
INFO: [ app_init ] --START--
INFO: Run Behavior\BuildLiteBehavior [ RunTime:0.000000s ]
INFO: [ app_init ] --END-- [ RunTime:0.001000s ]
INFO: [ app_begin ] --START--
INFO: Run Behavior\ReadHtmlCacheBehavior [ RunTime:0.001000s ]
INFO: [ app_begin ] --END-- [ RunTime:0.001000s ]
SQL: SHOW COLUMNS FROM `user` [ RunTime:0.0030s ]
SQL: SELECT COUNT(*) AS tp_count FROM `user` WHERE `username` = '1' LIMIT 1   [ RunTime:0.0010s ]
NOTIC: [8] Use of undefined constant code - assumed 'code' D:\xampp\htdocs\vueapi\Application\Home\Controller\UserController.class.php 第 27 行.
NOTIC: [8] Use of undefined constant msg - assumed 'msg' D:\xampp\htdocs\vueapi\Application\Home\Controller\UserController.class.php 第 28 行.

[ 2017-05-18T16:04:35+08:00 ] ::1 /vueapi/index.php/Home/user/login
INFO: [ app_init ] --START--
INFO: Run Behavior\BuildLiteBehavior [ RunTime:0.000000s ]
INFO: [ app_init ] --END-- [ RunTime:0.000000s ]
INFO: [ app_begin ] --START--
INFO: Run Behavior\ReadHtmlCacheBehavior [ RunTime:0.001000s ]
INFO: [ app_begin ] --END-- [ RunTime:0.001000s ]
SQL: SHOW COLUMNS FROM `user` [ RunTime:0.0030s ]
SQL: SELECT COUNT(*) AS tp_count FROM `user` WHERE `username` = '1' LIMIT 1   [ RunTime:0.0000s ]
NOTIC: [8] Use of undefined constant code - assumed 'code' D:\xampp\htdocs\vueapi\Application\Home\Controller\UserController.class.php 第 27 行.
NOTIC: [8] Use of undefined constant msg - assumed 'msg' D:\xampp\htdocs\vueapi\Application\Home\Controller\UserController.class.php 第 28 行.

[ 2017-05-18T16:04:48+08:00 ] ::1 /vueapi/index.php/Home/user/login
INFO: [ app_init ] --START--
INFO: Run Behavior\BuildLiteBehavior [ RunTime:0.000000s ]
INFO: [ app_init ] --END-- [ RunTime:0.001000s ]
INFO: [ app_begin ] --START--
INFO: Run Behavior\ReadHtmlCacheBehavior [ RunTime:0.001000s ]
INFO: [ app_begin ] --END-- [ RunTime:0.001000s ]
SQL: SHOW COLUMNS FROM `user` [ RunTime:0.0030s ]
SQL: SELECT COUNT(*) AS tp_count FROM `user` WHERE `username` = '1' LIMIT 1   [ RunTime:0.0000s ]
NOTIC: [8] Use of undefined constant code - assumed 'code' D:\xampp\htdocs\vueapi\Application\Home\Controller\UserController.class.php 第 27 行.
NOTIC: [8] Use of undefined constant msg - assumed 'msg' D:\xampp\htdocs\vueapi\Application\Home\Controller\UserController.class.php 第 28 行.

[ 2017-05-18T16:05:07+08:00 ] ::1 /vueapi/index.php/Home/user/login
INFO: [ app_init ] --START--
INFO: Run Behavior\BuildLiteBehavior [ RunTime:0.001000s ]
INFO: [ app_init ] --END-- [ RunTime:0.001000s ]
INFO: [ app_begin ] --START--
INFO: Run Behavior\ReadHtmlCacheBehavior [ RunTime:0.001000s ]
INFO: [ app_begin ] --END-- [ RunTime:0.001000s ]
SQL: SHOW COLUMNS FROM `user` [ RunTime:0.0030s ]
SQL: SELECT COUNT(*) AS tp_count FROM `user` WHERE `username` = '1' LIMIT 1   [ RunTime:0.0010s ]
NOTIC: [8] Use of undefined constant code - assumed 'code' D:\xampp\htdocs\vueapi\Application\Home\Controller\UserController.class.php 第 27 行.
NOTIC: [8] Use of undefined constant msg - assumed 'msg' D:\xampp\htdocs\vueapi\Application\Home\Controller\UserController.class.php 第 28 行.

[ 2017-05-18T16:05:23+08:00 ] ::1 /vueapi/index.php/Home/user/login
INFO: [ app_init ] --START--
INFO: Run Behavior\BuildLiteBehavior [ RunTime:0.000000s ]
INFO: [ app_init ] --END-- [ RunTime:0.000000s ]
INFO: [ app_begin ] --START--
INFO: Run Behavior\ReadHtmlCacheBehavior [ RunTime:0.001000s ]
INFO: [ app_begin ] --END-- [ RunTime:0.001000s ]
SQL: SHOW COLUMNS FROM `user` [ RunTime:0.0040s ]
SQL: SELECT COUNT(*) AS tp_count FROM `user` WHERE `username` = 'zhangsan' LIMIT 1   [ RunTime:0.0000s ]
SQL: SELECT COUNT(*) AS tp_count FROM `user` WHERE `username` = 'zhangsan' AND `password` = '1' LIMIT 1   [ RunTime:0.0010s ]
NOTIC: [8] Use of undefined constant code - assumed 'code' D:\xampp\htdocs\vueapi\Application\Home\Controller\UserController.class.php 第 44 行.
NOTIC: [8] Use of undefined constant msg - assumed 'msg' D:\xampp\htdocs\vueapi\Application\Home\Controller\UserController.class.php 第 45 行.

[ 2017-05-18T16:08:23+08:00 ] ::1 /vueapi/index.php/Home/user/login
INFO: [ app_init ] --START--
INFO: Run Behavior\BuildLiteBehavior [ RunTime:0.000000s ]
INFO: [ app_init ] --END-- [ RunTime:0.000000s ]
INFO: [ app_begin ] --START--
INFO: Run Behavior\ReadHtmlCacheBehavior [ RunTime:0.001000s ]
INFO: [ app_begin ] --END-- [ RunTime:0.001000s ]
SQL: SHOW COLUMNS FROM `user` [ RunTime:0.0030s ]
SQL: SELECT COUNT(*) AS tp_count FROM `user` WHERE `username` = 'zhangsan' LIMIT 1   [ RunTime:0.0010s ]
SQL: SELECT COUNT(*) AS tp_count FROM `user` WHERE `username` = 'zhangsan' AND `password` = '123' LIMIT 1   [ RunTime:0.0000s ]
NOTIC: [8] Use of undefined constant code - assumed 'code' D:\xampp\htdocs\vueapi\Application\Home\Controller\UserController.class.php 第 39 行.
NOTIC: [8] Use of undefined constant msg - assumed 'msg' D:\xampp\htdocs\vueapi\Application\Home\Controller\UserController.class.php 第 40 行.

[ 2017-05-18T16:08:40+08:00 ] ::1 /vueapi/index.php/Home/user/login
INFO: [ app_init ] --START--
INFO: Run Behavior\BuildLiteBehavior [ RunTime:0.000000s ]
INFO: [ app_init ] --END-- [ RunTime:0.001000s ]
INFO: [ app_begin ] --START--
INFO: Run Behavior\ReadHtmlCacheBehavior [ RunTime:0.001000s ]
INFO: [ app_begin ] --END-- [ RunTime:0.001000s ]
SQL: SHOW COLUMNS FROM `user` [ RunTime:0.0050s ]
SQL: SELECT COUNT(*) AS tp_count FROM `user` WHERE `username` = 'zhangsan' LIMIT 1   [ RunTime:0.0000s ]
SQL: SELECT COUNT(*) AS tp_count FROM `user` WHERE `username` = 'zhangsan' AND `password` = '123' LIMIT 1   [ RunTime:0.0010s ]
NOTIC: [8] Use of undefined constant code - assumed 'code' D:\xampp\htdocs\vueapi\Application\Home\Controller\UserController.class.php 第 39 行.
NOTIC: [8] Use of undefined constant msg - assumed 'msg' D:\xampp\htdocs\vueapi\Application\Home\Controller\UserController.class.php 第 40 行.

[ 2017-05-18T16:08:56+08:00 ] ::1 /vueapi/index.php/Home/user/login
INFO: [ app_init ] --START--
INFO: Run Behavior\BuildLiteBehavior [ RunTime:0.000000s ]
INFO: [ app_init ] --END-- [ RunTime:0.001000s ]
INFO: [ app_begin ] --START--
INFO: Run Behavior\ReadHtmlCacheBehavior [ RunTime:0.001000s ]
INFO: [ app_begin ] --END-- [ RunTime:0.001000s ]
SQL: SHOW COLUMNS FROM `user` [ RunTime:0.0030s ]
SQL: SELECT COUNT(*) AS tp_count FROM `user` WHERE `username` = 'zhangsan' LIMIT 1   [ RunTime:0.0000s ]
SQL: SELECT COUNT(*) AS tp_count FROM `user` WHERE `username` = 'zhangsan' AND `password` = '123' LIMIT 1   [ RunTime:0.0010s ]
NOTIC: [8] Use of undefined constant code - assumed 'code' D:\xampp\htdocs\vueapi\Application\Home\Controller\UserController.class.php 第 39 行.
NOTIC: [8] Use of undefined constant msg - assumed 'msg' D:\xampp\htdocs\vueapi\Application\Home\Controller\UserController.class.php 第 40 行.

[ 2017-05-18T16:09:37+08:00 ] ::1 /vueapi/index.php/Home/user/login
INFO: [ app_init ] --START--
INFO: Run Behavior\BuildLiteBehavior [ RunTime:0.000000s ]
INFO: [ app_init ] --END-- [ RunTime:0.001000s ]
INFO: [ app_begin ] --START--
INFO: Run Behavior\ReadHtmlCacheBehavior [ RunTime:0.001000s ]
INFO: [ app_begin ] --END-- [ RunTime:0.001000s ]
SQL: SHOW COLUMNS FROM `user` [ RunTime:0.0040s ]
SQL: SELECT COUNT(*) AS tp_count FROM `user` WHERE `username` = 'zhangsan' LIMIT 1   [ RunTime:0.0000s ]
SQL: SELECT COUNT(*) AS tp_count FROM `user` WHERE `username` = 'zhangsan' AND `password` = '123' LIMIT 1   [ RunTime:0.0010s ]
NOTIC: [8] Use of undefined constant code - assumed 'code' D:\xampp\htdocs\vueapi\Application\Home\Controller\UserController.class.php 第 39 行.
NOTIC: [8] Use of undefined constant msg - assumed 'msg' D:\xampp\htdocs\vueapi\Application\Home\Controller\UserController.class.php 第 40 行.

[ 2017-05-18T16:23:20+08:00 ] ::1 /vueapi/index.php/Home/user/login
INFO: [ app_init ] --START--
INFO: Run Behavior\BuildLiteBehavior [ RunTime:0.000000s ]
INFO: [ app_init ] --END-- [ RunTime:0.000000s ]
INFO: [ app_begin ] --START--
INFO: Run Behavior\ReadHtmlCacheBehavior [ RunTime:0.001000s ]
INFO: [ app_begin ] --END-- [ RunTime:0.001000s ]
SQL: SHOW COLUMNS FROM `user` [ RunTime:0.0030s ]
SQL: SELECT COUNT(*) AS tp_count FROM `user` WHERE `username` = '1' LIMIT 1   [ RunTime:0.0000s ]
NOTIC: [8] Use of undefined constant code - assumed 'code' D:\xampp\htdocs\vueapi\Application\Home\Controller\UserController.class.php 第 27 行.
NOTIC: [8] Use of undefined constant msg - assumed 'msg' D:\xampp\htdocs\vueapi\Application\Home\Controller\UserController.class.php 第 28 行.

[ 2017-05-18T16:23:27+08:00 ] ::1 /vueapi/index.php/Home/user/login
INFO: [ app_init ] --START--
INFO: Run Behavior\BuildLiteBehavior [ RunTime:0.000000s ]
INFO: [ app_init ] --END-- [ RunTime:0.000000s ]
INFO: [ app_begin ] --START--
INFO: Run Behavior\ReadHtmlCacheBehavior [ RunTime:0.000000s ]
INFO: [ app_begin ] --END-- [ RunTime:0.001000s ]
SQL: SHOW COLUMNS FROM `user` [ RunTime:0.0040s ]
SQL: SELECT COUNT(*) AS tp_count FROM `user` WHERE `username` = 'admin' LIMIT 1   [ RunTime:0.0000s ]

[ 2017-05-18T16:24:33+08:00 ] ::1 /vueapi/index.php/Home/user/login
INFO: [ app_init ] --START--
INFO: Run Behavior\BuildLiteBehavior [ RunTime:0.000000s ]
INFO: [ app_init ] --END-- [ RunTime:0.001000s ]
INFO: [ app_begin ] --START--
INFO: Run Behavior\ReadHtmlCacheBehavior [ RunTime:0.001000s ]
INFO: [ app_begin ] --END-- [ RunTime:0.001000s ]
SQL: SHOW COLUMNS FROM `user` [ RunTime:0.0030s ]
SQL: SELECT COUNT(*) AS tp_count FROM `user` WHERE `username` = 'admin' LIMIT 1   [ RunTime:0.0010s ]
SQL: SELECT COUNT(*) AS tp_count FROM `user` WHERE `username` = 'admin' AND `password` = '1' LIMIT 1   [ RunTime:0.0000s ]
NOTIC: [8] Use of undefined constant code - assumed 'code' D:\xampp\htdocs\vueapi\Application\Home\Controller\UserController.class.php 第 41 行.
NOTIC: [8] Use of undefined constant msg - assumed 'msg' D:\xampp\htdocs\vueapi\Application\Home\Controller\UserController.class.php 第 42 行.

[ 2017-05-18T16:25:17+08:00 ] ::1 /vueapi/index.php/Home/user/login
INFO: [ app_init ] --START--
INFO: Run Behavior\BuildLiteBehavior [ RunTime:0.000000s ]
INFO: [ app_init ] --END-- [ RunTime:0.001000s ]
INFO: [ app_begin ] --START--
INFO: Run Behavior\ReadHtmlCacheBehavior [ RunTime:0.002000s ]
INFO: [ app_begin ] --END-- [ RunTime:0.002000s ]
SQL: SHOW COLUMNS FROM `user` [ RunTime:0.0040s ]
SQL: SELECT COUNT(*) AS tp_count FROM `user` WHERE `username` = 'admin' LIMIT 1   [ RunTime:0.0000s ]
SQL: SELECT COUNT(*) AS tp_count FROM `user` WHERE `username` = 'admin' AND `password` = '1' LIMIT 1   [ RunTime:0.0010s ]
NOTIC: [8] Use of undefined constant code - assumed 'code' D:\xampp\htdocs\vueapi\Application\Home\Controller\UserController.class.php 第 41 行.
NOTIC: [8] Use of undefined constant msg - assumed 'msg' D:\xampp\htdocs\vueapi\Application\Home\Controller\UserController.class.php 第 42 行.

[ 2017-05-18T16:25:23+08:00 ] ::1 /vueapi/index.php/Home/user/login
INFO: [ app_init ] --START--
INFO: Run Behavior\BuildLiteBehavior [ RunTime:0.000000s ]
INFO: [ app_init ] --END-- [ RunTime:0.001000s ]
INFO: [ app_begin ] --START--
INFO: Run Behavior\ReadHtmlCacheBehavior [ RunTime:0.001000s ]
INFO: [ app_begin ] --END-- [ RunTime:0.001000s ]
SQL: SHOW COLUMNS FROM `user` [ RunTime:0.0060s ]
SQL: SELECT COUNT(*) AS tp_count FROM `user` WHERE `username` = 'admin' LIMIT 1   [ RunTime:0.0010s ]
SQL: SELECT COUNT(*) AS tp_count FROM `user` WHERE `username` = 'admin' AND `password` = 'admin' LIMIT 1   [ RunTime:0.0000s ]
NOTIC: [8] Use of undefined constant code - assumed 'code' D:\xampp\htdocs\vueapi\Application\Home\Controller\UserController.class.php 第 36 行.
NOTIC: [8] Use of undefined constant msg - assumed 'msg' D:\xampp\htdocs\vueapi\Application\Home\Controller\UserController.class.php 第 37 行.

[ 2017-05-18T16:28:12+08:00 ] ::1 /vueapi/index.php/Home/admin/login
INFO: [ app_init ] --START--
INFO: Run Behavior\BuildLiteBehavior [ RunTime:0.000000s ]
INFO: [ app_init ] --END-- [ RunTime:0.001000s ]
INFO: [ app_begin ] --START--
INFO: Run Behavior\ReadHtmlCacheBehavior [ RunTime:0.001000s ]
INFO: [ app_begin ] --END-- [ RunTime:0.001000s ]
SQL: SHOW COLUMNS FROM `admin` [ RunTime:0.0030s ]
SQL: SELECT COUNT(*) AS tp_count FROM `admin` WHERE `username` = '1' LIMIT 1   [ RunTime:0.0000s ]
NOTIC: [8] Use of undefined constant code - assumed 'code' D:\xampp\htdocs\vueapi\Application\Home\Controller\AdminController.class.php 第 19 行.
NOTIC: [8] Use of undefined constant msg - assumed 'msg' D:\xampp\htdocs\vueapi\Application\Home\Controller\AdminController.class.php 第 20 行.

[ 2017-05-18T16:28:30+08:00 ] ::1 /vueapi/index.php/Home/admin/login
INFO: [ app_init ] --START--
INFO: Run Behavior\BuildLiteBehavior [ RunTime:0.000000s ]
INFO: [ app_init ] --END-- [ RunTime:0.000000s ]
INFO: [ app_begin ] --START--
INFO: Run Behavior\ReadHtmlCacheBehavior [ RunTime:0.001000s ]
INFO: [ app_begin ] --END-- [ RunTime:0.001000s ]
SQL: SHOW COLUMNS FROM `admin` [ RunTime:0.0050s ]
SQL: SELECT COUNT(*) AS tp_count FROM `admin` WHERE `username` = 'admin' LIMIT 1   [ RunTime:0.0000s ]
SQL: SELECT COUNT(*) AS tp_count FROM `admin` WHERE `username` = 'admin' AND `password` = 'admin' LIMIT 1   [ RunTime:0.0010s ]
NOTIC: [8] Use of undefined constant code - assumed 'code' D:\xampp\htdocs\vueapi\Application\Home\Controller\AdminController.class.php 第 28 行.
NOTIC: [8] Use of undefined constant msg - assumed 'msg' D:\xampp\htdocs\vueapi\Application\Home\Controller\AdminController.class.php 第 29 行.

[ 2017-05-18T16:58:00+08:00 ] ::1 /vueapi/index.php/Home/goods/upload
INFO: [ app_init ] --START--
INFO: Run Behavior\BuildLiteBehavior [ RunTime:0.000000s ]
INFO: [ app_init ] --END-- [ RunTime:0.001000s ]
INFO: [ app_begin ] --START--
INFO: Run Behavior\ReadHtmlCacheBehavior [ RunTime:0.001000s ]
INFO: [ app_begin ] --END-- [ RunTime:0.001000s ]

[ 2017-05-18T16:59:15+08:00 ] ::1 /vueapi/index.php/Home/goods/upload
INFO: [ app_init ] --START--
INFO: Run Behavior\BuildLiteBehavior [ RunTime:0.000000s ]
INFO: [ app_init ] --END-- [ RunTime:0.001000s ]
INFO: [ app_begin ] --START--
INFO: Run Behavior\ReadHtmlCacheBehavior [ RunTime:0.001000s ]
INFO: [ app_begin ] --END-- [ RunTime:0.001000s ]
INFO: [ view_parse ] --START--
INFO: [ template_filter ] --START--
INFO: Run Behavior\ContentReplaceBehavior [ RunTime:0.000000s ]
INFO: [ template_filter ] --END-- [ RunTime:0.000000s ]
INFO: Run Behavior\ParseTemplateBehavior [ RunTime:0.063000s ]
INFO: [ view_parse ] --END-- [ RunTime:0.063000s ]
INFO: [ view_filter ] --START--
INFO: Run Behavior\WriteHtmlCacheBehavior [ RunTime:0.005000s ]
INFO: [ view_filter ] --END-- [ RunTime:0.005000s ]

[ 2017-05-18T17:00:09+08:00 ] ::1 /vueapi/index.php/Home/goods/upload
INFO: [ app_init ] --START--
INFO: Run Behavior\BuildLiteBehavior [ RunTime:0.000000s ]
INFO: [ app_init ] --END-- [ RunTime:0.000000s ]
INFO: [ app_begin ] --START--
INFO: Run Behavior\ReadHtmlCacheBehavior [ RunTime:0.001000s ]
INFO: [ app_begin ] --END-- [ RunTime:0.001000s ]

[ 2017-05-18T17:02:16+08:00 ] ::1 /vueapi/index.php/Home/goods/upload
INFO: [ app_init ] --START--
INFO: Run Behavior\BuildLiteBehavior [ RunTime:0.000000s ]
INFO: [ app_init ] --END-- [ RunTime:0.000000s ]
INFO: [ app_begin ] --START--
INFO: Run Behavior\ReadHtmlCacheBehavior [ RunTime:0.001000s ]
INFO: [ app_begin ] --END-- [ RunTime:0.001000s ]

[ 2017-05-18T17:18:46+08:00 ] ::1 /vueapi/index.php/Home/goods/upload
INFO: [ app_init ] --START--
INFO: Run Behavior\BuildLiteBehavior [ RunTime:0.000000s ]
INFO: [ app_init ] --END-- [ RunTime:0.000000s ]
INFO: [ app_begin ] --START--
INFO: Run Behavior\ReadHtmlCacheBehavior [ RunTime:0.001000s ]
INFO: [ app_begin ] --END-- [ RunTime:0.001000s ]

[ 2017-05-18T17:19:52+08:00 ] ::1 /vueapi/index.php/Home/goods/upload
INFO: [ app_init ] --START--
INFO: Run Behavior\BuildLiteBehavior [ RunTime:0.000000s ]
INFO: [ app_init ] --END-- [ RunTime:0.000000s ]
INFO: [ app_begin ] --START--
INFO: Run Behavior\ReadHtmlCacheBehavior [ RunTime:0.001000s ]
INFO: [ app_begin ] --END-- [ RunTime:0.001000s ]

[ 2017-05-18T17:20:06+08:00 ] ::1 /vueapi/index.php/Home/goods/upload
INFO: [ app_init ] --START--
INFO: Run Behavior\BuildLiteBehavior [ RunTime:0.000000s ]
INFO: [ app_init ] --END-- [ RunTime:0.001000s ]
INFO: [ app_begin ] --START--
INFO: Run Behavior\ReadHtmlCacheBehavior [ RunTime:0.000000s ]
INFO: [ app_begin ] --END-- [ RunTime:0.001000s ]
INFO: [ view_parse ] --START--
INFO: [ template_filter ] --START--
INFO: Run Behavior\ContentReplaceBehavior [ RunTime:0.000000s ]
INFO: [ template_filter ] --END-- [ RunTime:0.000000s ]
INFO: Run Behavior\ParseTemplateBehavior [ RunTime:0.006000s ]
INFO: [ view_parse ] --END-- [ RunTime:0.007000s ]
INFO: [ view_filter ] --START--
INFO: Run Behavior\WriteHtmlCacheBehavior [ RunTime:0.001000s ]
INFO: [ view_filter ] --END-- [ RunTime:0.001000s ]

[ 2017-05-18T17:20:59+08:00 ] ::1 /vueapi/index.php/Home/goods/upload
INFO: [ app_init ] --START--
INFO: Run Behavior\BuildLiteBehavior [ RunTime:0.000000s ]
INFO: [ app_init ] --END-- [ RunTime:0.001000s ]
INFO: [ app_begin ] --START--
INFO: Run Behavior\ReadHtmlCacheBehavior [ RunTime:0.001000s ]
INFO: [ app_begin ] --END-- [ RunTime:0.001000s ]

[ 2017-05-18T17:22:58+08:00 ] ::1 /vueapi/index.php/Home/goods/upload?pic=dog.png
INFO: [ app_init ] --START--
INFO: Run Behavior\BuildLiteBehavior [ RunTime:0.000000s ]
INFO: [ app_init ] --END-- [ RunTime:0.000000s ]
INFO: [ app_begin ] --START--
INFO: Run Behavior\ReadHtmlCacheBehavior [ RunTime:0.001000s ]
INFO: [ app_begin ] --END-- [ RunTime:0.001000s ]

[ 2017-05-18T17:23:36+08:00 ] ::1 /vueapi/index.php/Home/goods/upload?pic=dog.png
INFO: [ app_init ] --START--
INFO: Run Behavior\BuildLiteBehavior [ RunTime:0.000000s ]
INFO: [ app_init ] --END-- [ RunTime:0.001000s ]
INFO: [ app_begin ] --START--
INFO: Run Behavior\ReadHtmlCacheBehavior [ RunTime:0.001000s ]
INFO: [ app_begin ] --END-- [ RunTime:0.001000s ]
INFO: [ view_parse ] --START--
INFO: [ template_filter ] --START--
INFO: Run Behavior\ContentReplaceBehavior [ RunTime:0.000000s ]
INFO: [ template_filter ] --END-- [ RunTime:0.000000s ]
INFO: Run Behavior\ParseTemplateBehavior [ RunTime:0.010000s ]
INFO: [ view_parse ] --END-- [ RunTime:0.010000s ]
INFO: [ view_filter ] --START--
INFO: Run Behavior\WriteHtmlCacheBehavior [ RunTime:0.002000s ]
INFO: [ view_filter ] --END-- [ RunTime:0.002000s ]

[ 2017-05-18T17:30:28+08:00 ] ::1 /vueapi/index.php/Home/admin/login
INFO: [ app_init ] --START--
INFO: Run Behavior\BuildLiteBehavior [ RunTime:0.000000s ]
INFO: [ app_init ] --END-- [ RunTime:0.000000s ]
INFO: [ app_begin ] --START--
INFO: Run Behavior\ReadHtmlCacheBehavior [ RunTime:0.001000s ]
INFO: [ app_begin ] --END-- [ RunTime:0.001000s ]
SQL: SHOW COLUMNS FROM `admin` [ RunTime:0.0040s ]
SQL: SELECT COUNT(*) AS tp_count FROM `admin` WHERE `username` = 'admin' LIMIT 1   [ RunTime:0.0010s ]
SQL: SELECT COUNT(*) AS tp_count FROM `admin` WHERE `username` = 'admin' AND `password` = 'admin' LIMIT 1   [ RunTime:0.0010s ]
NOTIC: [8] Use of undefined constant code - assumed 'code' D:\xampp\htdocs\vueapi\Application\Home\Controller\AdminController.class.php 第 28 行.
NOTIC: [8] Use of undefined constant msg - assumed 'msg' D:\xampp\htdocs\vueapi\Application\Home\Controller\AdminController.class.php 第 29 行.

[ 2017-05-18T17:30:45+08:00 ] ::1 /vueapi/index.php/Home/goods/upload
INFO: [ app_init ] --START--
INFO: Run Behavior\BuildLiteBehavior [ RunTime:0.000000s ]
INFO: [ app_init ] --END-- [ RunTime:0.000000s ]
INFO: [ app_begin ] --START--
INFO: Run Behavior\ReadHtmlCacheBehavior [ RunTime:0.000000s ]
INFO: [ app_begin ] --END-- [ RunTime:0.000000s ]
INFO: [ view_parse ] --START--
INFO: [ template_filter ] --START--
INFO: Run Behavior\ContentReplaceBehavior [ RunTime:0.000000s ]
INFO: [ template_filter ] --END-- [ RunTime:0.000000s ]
INFO: Run Behavior\ParseTemplateBehavior [ RunTime:0.008000s ]
INFO: [ view_parse ] --END-- [ RunTime:0.008000s ]
INFO: [ view_filter ] --START--
INFO: Run Behavior\WriteHtmlCacheBehavior [ RunTime:0.002000s ]
INFO: [ view_filter ] --END-- [ RunTime:0.002000s ]

[ 2017-05-18T17:31:48+08:00 ] ::1 /vueapi/index.php/Home/goods/upload
INFO: [ app_init ] --START--
INFO: Run Behavior\BuildLiteBehavior [ RunTime:0.000000s ]
INFO: [ app_init ] --END-- [ RunTime:0.000000s ]
INFO: [ app_begin ] --START--
INFO: Run Behavior\ReadHtmlCacheBehavior [ RunTime:0.001000s ]
INFO: [ app_begin ] --END-- [ RunTime:0.001000s ]

[ 2017-05-18T17:34:22+08:00 ] ::1 /vueapi/index.php/Home/goods/upload
INFO: [ app_init ] --START--
INFO: Run Behavior\BuildLiteBehavior [ RunTime:0.000000s ]
INFO: [ app_init ] --END-- [ RunTime:0.001000s ]
INFO: [ app_begin ] --START--
INFO: Run Behavior\ReadHtmlCacheBehavior [ RunTime:0.001000s ]
INFO: [ app_begin ] --END-- [ RunTime:0.001000s ]

[ 2017-05-18T17:43:25+08:00 ] ::1 /vueapi/index.php/Home/goods/upload
INFO: [ app_init ] --START--
INFO: Run Behavior\BuildLiteBehavior [ RunTime:0.000000s ]
INFO: [ app_init ] --END-- [ RunTime:0.000000s ]
INFO: [ app_begin ] --START--
INFO: Run Behavior\ReadHtmlCacheBehavior [ RunTime:0.001000s ]
INFO: [ app_begin ] --END-- [ RunTime:0.001000s ]

[ 2017-05-18T17:45:49+08:00 ] ::1 /vueapi/index.php/Home/goods/upload?pic=dog.png
INFO: [ app_init ] --START--
INFO: Run Behavior\BuildLiteBehavior [ RunTime:0.000000s ]
INFO: [ app_init ] --END-- [ RunTime:0.000000s ]
INFO: [ app_begin ] --START--
INFO: Run Behavior\ReadHtmlCacheBehavior [ RunTime:0.001000s ]
INFO: [ app_begin ] --END-- [ RunTime:0.001000s ]

[ 2017-05-18T17:46:56+08:00 ] ::1 /vueapi/index.php/Home/goods/upload?pic=dog.png
INFO: [ app_init ] --START--
INFO: Run Behavior\BuildLiteBehavior [ RunTime:0.000000s ]
INFO: [ app_init ] --END-- [ RunTime:0.002000s ]
INFO: [ app_begin ] --START--
INFO: Run Behavior\ReadHtmlCacheBehavior [ RunTime:0.002000s ]
INFO: [ app_begin ] --END-- [ RunTime:0.002000s ]

[ 2017-05-18T17:47:06+08:00 ] ::1 /vueapi/index.php/Home/goods/upload?pic=dog.png
INFO: [ app_init ] --START--
INFO: Run Behavior\BuildLiteBehavior [ RunTime:0.000000s ]
INFO: [ app_init ] --END-- [ RunTime:0.001000s ]
INFO: [ app_begin ] --START--
INFO: Run Behavior\ReadHtmlCacheBehavior [ RunTime:0.001000s ]
INFO: [ app_begin ] --END-- [ RunTime:0.001000s ]

[ 2017-05-18T17:47:16+08:00 ] ::1 /vueapi/index.php/Home/goods/upload
INFO: [ app_init ] --START--
INFO: Run Behavior\BuildLiteBehavior [ RunTime:0.000000s ]
INFO: [ app_init ] --END-- [ RunTime:0.000000s ]
INFO: [ app_begin ] --START--
INFO: Run Behavior\ReadHtmlCacheBehavior [ RunTime:0.001000s ]
INFO: [ app_begin ] --END-- [ RunTime:0.001000s ]

[ 2017-05-18T17:49:50+08:00 ] ::1 /vueapi/index.php/Home/goods/upload?pic=dog.png
INFO: [ app_init ] --START--
INFO: Run Behavior\BuildLiteBehavior [ RunTime:0.000000s ]
INFO: [ app_init ] --END-- [ RunTime:0.001000s ]
INFO: [ app_begin ] --START--
INFO: Run Behavior\ReadHtmlCacheBehavior [ RunTime:0.001000s ]
INFO: [ app_begin ] --END-- [ RunTime:0.001000s ]

[ 2017-05-18T17:49:55+08:00 ] ::1 /vueapi/index.php/Home/goods/img
INFO: [ app_init ] --START--
INFO: Run Behavior\BuildLiteBehavior [ RunTime:0.000000s ]
INFO: [ app_init ] --END-- [ RunTime:0.001000s ]
INFO: [ app_begin ] --START--
INFO: Run Behavior\ReadHtmlCacheBehavior [ RunTime:0.001000s ]
INFO: [ app_begin ] --END-- [ RunTime:0.001000s ]

[ 2017-05-18T17:50:13+08:00 ] ::1 /vueapi/index.php/Home/goods/img
INFO: [ app_init ] --START--
INFO: Run Behavior\BuildLiteBehavior [ RunTime:0.000000s ]
INFO: [ app_init ] --END-- [ RunTime:0.001000s ]
INFO: [ app_begin ] --START--
INFO: Run Behavior\ReadHtmlCacheBehavior [ RunTime:0.001000s ]
INFO: [ app_begin ] --END-- [ RunTime:0.001000s ]
INFO: [ app_end ] --START--
INFO: Run Behavior\ShowPageTraceBehavior [ RunTime:0.038000s ]
INFO: [ app_end ] --END-- [ RunTime:0.038000s ]

[ 2017-05-18T17:51:51+08:00 ] ::1 /vueapi/index.php/Home/goods/img
INFO: [ app_init ] --START--
INFO: Run Behavior\BuildLiteBehavior [ RunTime:0.000000s ]
INFO: [ app_init ] --END-- [ RunTime:0.000000s ]
INFO: [ app_begin ] --START--
INFO: Run Behavior\ReadHtmlCacheBehavior [ RunTime:0.001000s ]
INFO: [ app_begin ] --END-- [ RunTime:0.001000s ]
INFO: [ app_end ] --START--
INFO: Run Behavior\ShowPageTraceBehavior [ RunTime:0.001000s ]
INFO: [ app_end ] --END-- [ RunTime:0.001000s ]

[ 2017-05-18T17:53:14+08:00 ] ::1 /vueapi/index.php/Home/goods/img
INFO: [ app_init ] --START--
INFO: Run Behavior\BuildLiteBehavior [ RunTime:0.000000s ]
INFO: [ app_init ] --END-- [ RunTime:0.000000s ]
INFO: [ app_begin ] --START--
INFO: Run Behavior\ReadHtmlCacheBehavior [ RunTime:0.001000s ]
INFO: [ app_begin ] --END-- [ RunTime:0.001000s ]

[ 2017-05-18T17:53:24+08:00 ] ::1 /vueapi/index.php/Home/goods/img
INFO: [ app_init ] --START--
INFO: Run Behavior\BuildLiteBehavior [ RunTime:0.000000s ]
INFO: [ app_init ] --END-- [ RunTime:0.001000s ]
INFO: [ app_begin ] --START--
INFO: Run Behavior\ReadHtmlCacheBehavior [ RunTime:0.001000s ]
INFO: [ app_begin ] --END-- [ RunTime:0.001000s ]
INFO: [ view_parse ] --START--
INFO: [ template_filter ] --START--
INFO: Run Behavior\ContentReplaceBehavior [ RunTime:0.000000s ]
INFO: [ template_filter ] --END-- [ RunTime:0.000000s ]
INFO: Run Behavior\ParseTemplateBehavior [ RunTime:0.006000s ]
INFO: [ view_parse ] --END-- [ RunTime:0.006000s ]
INFO: [ view_filter ] --START--
INFO: Run Behavior\WriteHtmlCacheBehavior [ RunTime:0.001000s ]
INFO: [ view_filter ] --END-- [ RunTime:0.001000s ]

[ 2017-05-18T17:54:02+08:00 ] ::1 /vueapi/index.php/Home/goods/img
INFO: [ app_init ] --START--
INFO: Run Behavior\BuildLiteBehavior [ RunTime:0.000000s ]
INFO: [ app_init ] --END-- [ RunTime:0.001000s ]
INFO: [ app_begin ] --START--
INFO: Run Behavior\ReadHtmlCacheBehavior [ RunTime:0.002000s ]
INFO: [ app_begin ] --END-- [ RunTime:0.002000s ]
INFO: [ view_parse ] --START--
INFO: [ template_filter ] --START--
INFO: Run Behavior\ContentReplaceBehavior [ RunTime:0.000000s ]
INFO: [ template_filter ] --END-- [ RunTime:0.000000s ]
INFO: Run Behavior\ParseTemplateBehavior [ RunTime:0.006000s ]
INFO: [ view_parse ] --END-- [ RunTime:0.006000s ]
INFO: [ view_filter ] --START--
INFO: Run Behavior\WriteHtmlCacheBehavior [ RunTime:0.000000s ]
INFO: [ view_filter ] --END-- [ RunTime:0.000000s ]

[ 2017-05-18T17:55:17+08:00 ] ::1 /vueapi/index.php/Home/goods/img
INFO: [ app_init ] --START--
INFO: Run Behavior\BuildLiteBehavior [ RunTime:0.000000s ]
INFO: [ app_init ] --END-- [ RunTime:0.001000s ]
INFO: [ app_begin ] --START--
INFO: Run Behavior\ReadHtmlCacheBehavior [ RunTime:0.001000s ]
INFO: [ app_begin ] --END-- [ RunTime:0.001000s ]
INFO: [ view_parse ] --START--
INFO: [ template_filter ] --START--
INFO: Run Behavior\ContentReplaceBehavior [ RunTime:0.000000s ]
INFO: [ template_filter ] --END-- [ RunTime:0.000000s ]
INFO: Run Behavior\ParseTemplateBehavior [ RunTime:0.006000s ]
INFO: [ view_parse ] --END-- [ RunTime:0.006000s ]
INFO: [ view_filter ] --START--
INFO: Run Behavior\WriteHtmlCacheBehavior [ RunTime:0.001000s ]
INFO: [ view_filter ] --END-- [ RunTime:0.001000s ]

[ 2017-05-18T17:56:21+08:00 ] ::1 /vueapi/index.php/Home/goods/img
INFO: [ app_init ] --START--
INFO: Run Behavior\BuildLiteBehavior [ RunTime:0.000000s ]
INFO: [ app_init ] --END-- [ RunTime:0.000000s ]
INFO: [ app_begin ] --START--
INFO: Run Behavior\ReadHtmlCacheBehavior [ RunTime:0.000000s ]
INFO: [ app_begin ] --END-- [ RunTime:0.001000s ]

[ 2017-05-18T17:59:46+08:00 ] ::1 /vueapi/index.php/Home/goods/img
INFO: [ app_init ] --START--
INFO: Run Behavior\BuildLiteBehavior [ RunTime:0.000000s ]
INFO: [ app_init ] --END-- [ RunTime:0.001000s ]
INFO: [ app_begin ] --START--
INFO: Run Behavior\ReadHtmlCacheBehavior [ RunTime:0.001000s ]
INFO: [ app_begin ] --END-- [ RunTime:0.001000s ]

[ 2017-05-18T18:07:20+08:00 ] ::1 /vueapi/index.php/Home/goods/img
INFO: [ app_init ] --START--
INFO: Run Behavior\BuildLiteBehavior [ RunTime:0.000000s ]
INFO: [ app_init ] --END-- [ RunTime:0.000000s ]
INFO: [ app_begin ] --START--
INFO: Run Behavior\ReadHtmlCacheBehavior [ RunTime:0.000000s ]
INFO: [ app_begin ] --END-- [ RunTime:0.001000s ]
NOTIC: [2] call_user_func() expects parameter 1 to be a valid callback, no array or string given D:\xampp\htdocs\vueapi\ThinkPHP\Library\Think\Upload.class.php 第 170 行.
INFO: [ view_parse ] --START--
INFO: [ template_filter ] --START--
INFO: Run Behavior\ContentReplaceBehavior [ RunTime:0.000000s ]
INFO: [ template_filter ] --END-- [ RunTime:0.000000s ]
INFO: Run Behavior\ParseTemplateBehavior [ RunTime:0.006000s ]
INFO: [ view_parse ] --END-- [ RunTime:0.006000s ]
INFO: [ view_filter ] --START--
INFO: Run Behavior\WriteHtmlCacheBehavior [ RunTime:0.000000s ]
INFO: [ view_filter ] --END-- [ RunTime:0.000000s ]
INFO: [ app_end ] --START--
INFO: Run Behavior\ShowPageTraceBehavior [ RunTime:0.000000s ]
INFO: [ app_end ] --END-- [ RunTime:0.001000s ]

[ 2017-05-18T18:08:16+08:00 ] ::1 /vueapi/index.php/Home/goods/img
INFO: [ app_init ] --START--
INFO: Run Behavior\BuildLiteBehavior [ RunTime:0.000000s ]
INFO: [ app_init ] --END-- [ RunTime:0.000000s ]
INFO: [ app_begin ] --START--
INFO: Run Behavior\ReadHtmlCacheBehavior [ RunTime:0.000000s ]
INFO: [ app_begin ] --END-- [ RunTime:0.000000s ]
NOTIC: [2] call_user_func() expects parameter 1 to be a valid callback, no array or string given D:\xampp\htdocs\vueapi\ThinkPHP\Library\Think\Upload.class.php 第 170 行.

[ 2017-05-18T18:15:13+08:00 ] ::1 /vueapi/index.php/Home/goods/img
INFO: [ app_init ] --START--
INFO: Run Behavior\BuildLiteBehavior [ RunTime:0.000000s ]
INFO: [ app_init ] --END-- [ RunTime:0.001000s ]
INFO: [ app_begin ] --START--
INFO: Run Behavior\ReadHtmlCacheBehavior [ RunTime:0.001000s ]
INFO: [ app_begin ] --END-- [ RunTime:0.001000s ]

[ 2017-05-18T18:24:10+08:00 ] ::1 /vueapi/index.php/Home/goods/img
INFO: [ app_init ] --START--
INFO: Run Behavior\BuildLiteBehavior [ RunTime:0.000000s ]
INFO: [ app_init ] --END-- [ RunTime:0.000000s ]
INFO: [ app_begin ] --START--
INFO: Run Behavior\ReadHtmlCacheBehavior [ RunTime:0.002000s ]
INFO: [ app_begin ] --END-- [ RunTime:0.002000s ]
NOTIC: [2] call_user_func() expects parameter 1 to be a valid callback, no array or string given D:\xampp\htdocs\vueapi\ThinkPHP\Library\Think\Upload.class.php 第 170 行.

[ 2017-05-18T18:24:54+08:00 ] ::1 /vueapi/index.php/Home/goods/img
INFO: [ app_init ] --START--
INFO: Run Behavior\BuildLiteBehavior [ RunTime:0.000000s ]
INFO: [ app_init ] --END-- [ RunTime:0.001000s ]
INFO: [ app_begin ] --START--
INFO: Run Behavior\ReadHtmlCacheBehavior [ RunTime:0.001000s ]
INFO: [ app_begin ] --END-- [ RunTime:0.001000s ]
NOTIC: [2] call_user_func() expects parameter 1 to be a valid callback, no array or string given D:\xampp\htdocs\vueapi\ThinkPHP\Library\Think\Upload.class.php 第 170 行.
INFO: [ view_parse ] --START--
INFO: [ template_filter ] --START--
INFO: Run Behavior\ContentReplaceBehavior [ RunTime:0.000000s ]
INFO: [ template_filter ] --END-- [ RunTime:0.001000s ]
INFO: Run Behavior\ParseTemplateBehavior [ RunTime:0.006000s ]
INFO: [ view_parse ] --END-- [ RunTime:0.006000s ]
INFO: [ view_filter ] --START--
INFO: Run Behavior\WriteHtmlCacheBehavior [ RunTime:0.001000s ]
INFO: [ view_filter ] --END-- [ RunTime:0.001000s ]
INFO: [ app_end ] --START--
INFO: Run Behavior\ShowPageTraceBehavior [ RunTime:0.000000s ]
INFO: [ app_end ] --END-- [ RunTime:0.000000s ]

[ 2017-05-18T18:27:55+08:00 ] ::1 /vueapi/index.php/Home/goods/img
INFO: [ app_init ] --START--
INFO: Run Behavior\BuildLiteBehavior [ RunTime:0.000000s ]
INFO: [ app_init ] --END-- [ RunTime:0.000000s ]
INFO: [ app_begin ] --START--
INFO: Run Behavior\ReadHtmlCacheBehavior [ RunTime:0.000000s ]
INFO: [ app_begin ] --END-- [ RunTime:0.001000s ]

[ 2017-05-18T18:28:15+08:00 ] ::1 /vueapi/index.php/Home/goods/img
INFO: [ app_init ] --START--
INFO: Run Behavior\BuildLiteBehavior [ RunTime:0.000000s ]
INFO: [ app_init ] --END-- [ RunTime:0.000000s ]
INFO: [ app_begin ] --START--
INFO: Run Behavior\ReadHtmlCacheBehavior [ RunTime:0.002000s ]
INFO: [ app_begin ] --END-- [ RunTime:0.002000s ]
NOTIC: [2] call_user_func() expects parameter 1 to be a valid callback, no array or string given D:\xampp\htdocs\vueapi\ThinkPHP\Library\Think\Upload.class.php 第 170 行.

[ 2017-05-18T18:29:55+08:00 ] ::1 /vueapi/index.php/Home/goods/img
INFO: [ app_init ] --START--
INFO: Run Behavior\BuildLiteBehavior [ RunTime:0.000000s ]
INFO: [ app_init ] --END-- [ RunTime:0.000000s ]
INFO: [ app_begin ] --START--
INFO: Run Behavior\ReadHtmlCacheBehavior [ RunTime:0.001000s ]
INFO: [ app_begin ] --END-- [ RunTime:0.001000s ]

[ 2017-05-18T18:30:23+08:00 ] ::1 /vueapi/index.php/Home/goods/img
INFO: [ app_init ] --START--
INFO: Run Behavior\BuildLiteBehavior [ RunTime:0.000000s ]
INFO: [ app_init ] --END-- [ RunTime:0.000000s ]
INFO: [ app_begin ] --START--
INFO: Run Behavior\ReadHtmlCacheBehavior [ RunTime:0.001000s ]
INFO: [ app_begin ] --END-- [ RunTime:0.001000s ]

[ 2017-05-18T18:31:15+08:00 ] ::1 /vueapi/index.php/Home/goods/img
INFO: [ app_init ] --START--
INFO: Run Behavior\BuildLiteBehavior [ RunTime:0.000000s ]
INFO: [ app_init ] --END-- [ RunTime:0.000000s ]
INFO: [ app_begin ] --START--
INFO: Run Behavior\ReadHtmlCacheBehavior [ RunTime:0.001000s ]
INFO: [ app_begin ] --END-- [ RunTime:0.001000s ]

[ 2017-05-18T18:35:07+08:00 ] ::1 /vueapi/index.php/Home/goods/img
INFO: [ app_init ] --START--
INFO: Run Behavior\BuildLiteBehavior [ RunTime:0.000000s ]
INFO: [ app_init ] --END-- [ RunTime:0.000000s ]
INFO: [ app_begin ] --START--
INFO: Run Behavior\ReadHtmlCacheBehavior [ RunTime:0.001000s ]
INFO: [ app_begin ] --END-- [ RunTime:0.001000s ]
NOTIC: [2] call_user_func() expects parameter 1 to be a valid callback, no array or string given D:\xampp\htdocs\vueapi\ThinkPHP\Library\Think\Upload.class.php 第 170 行.
NOTIC: [8] Use of undefined constant code - assumed 'code' D:\xampp\htdocs\vueapi\Application\Home\Controller\GoodsController.class.php 第 30 行.
NOTIC: [8] Use of undefined constant msg - assumed 'msg' D:\xampp\htdocs\vueapi\Application\Home\Controller\GoodsController.class.php 第 31 行.
NOTIC: [8] Use of undefined constant data - assumed 'data' D:\xampp\htdocs\vueapi\Application\Home\Controller\GoodsController.class.php 第 32 行.

